         U .div
         U .rem
         U __tztab
         U _access
00000058 T _asctime
         U _close
00000000 T _ctime
000000fc t _detzcode
         U _getenv
         U _gettimeofday
00000af0 T _gmtime
0000093c T _localtime
00000efc d _mon_lengths
00000ecd d _mon_name.1
00000b40 T _offtime
         U _open
         U _read
00000f68 b _result.2
00000fc0 b _s
         U _sprintf
         U _strcat
         U _strcpy
         U _strlen
00000f88 b _tm.3
00000fb8 b _tz_is_set
0000016c t _tzload
00000ef4 D _tzname
0000086c T _tzset
00000804 t _tzsetgmt
0000073c t _tzsetkernel
00000eb8 d _wday_name.0
00000f5c d _year_lengths
00000000 t gcc_compiled.
