/dev/rvj10c:Bad stable mem header for memType 1 blockNum 208
/dev/rvj10c:Bad stable mem header for memType 1 blockNum 221
/dev/rvj10c:Unknowned desc map flags (0xda84) for file 70720
/dev/rvj10c:Unknowned desc map flags (0xda8e) for file 70721
/dev/rvj10c:Unknowned desc map flags (0xda8e) for file 70722
/dev/rvj10c:Unknowned desc map flags (0xda8f) for file 70723
/dev/rvj10c:Unknowned desc map flags (0xda8f) for file 70724
/dev/rvj10c:Unknowned desc map flags (0xdab1) for file 70725
/dev/rvj10c:Unknowned desc map flags (0xdac1) for file 70726
/dev/rvj10c:Unknowned desc map flags (0xdaca) for file 70727
/dev/rvj10c:Unknowned desc map flags (0xdacc) for file 70728
/dev/rvj10c:Unknowned desc map flags (0xdacc) for file 70729
/dev/rvj10c:Unknowned desc map flags (0xdaef) for file 70730
/dev/rvj10c:Unknowned desc map flags (0xdb09) for file 70731
/dev/rvj10c:Unknowned desc map flags (0xdb09) for file 70732
/dev/rvj10c:Unknowned desc map flags (0xe1b8) for file 70733
/dev/rvj10c:Unknowned desc map flags (0xe959) for file 70734
/dev/rvj10c:Unknowned desc map flags (0xee0b) for file 70735
/dev/rvj10c:Unknowned desc map flags (0xee0b) for file 70736
/dev/rvj10c:Unknowned desc map flags (0xf461) for file 70737
/dev/rvj10c:Unknowned desc map flags (0xf94e) for file 70738
/dev/rvj10c:Unknowned desc map flags (0xfe66) for file 70739
/dev/rvj10c:Unknowned desc map flags (0xd1) for file 70740
/dev/rvj10c:Unknowned desc map flags (0x50a) for file 70741
/dev/rvj10c:Unknowned desc map flags (0x88f) for file 70742
/dev/rvj10c:Unknowned desc map flags (0x1180) for file 70743
/dev/rvj10c:Unknowned desc map flags (0x2221) for file 70744
/dev/rvj10c:Unknowned desc map flags (0x2423) for file 70745
/dev/rvj10c:Unknowned desc map flags (0x29e0) for file 70746
/dev/rvj10c:Unknowned desc map flags (0x2eb2) for file 70747
/dev/rvj10c:Unknowned desc map flags (0x2ec7) for file 70748
/dev/rvj10c:Unknowned desc map flags (0x2ecd) for file 70749
/dev/rvj10c:Unknowned desc map flags (0x2f0a) for file 70750
/dev/rvj10c:Unknowned desc map flags (0x3f9c) for file 70751
/dev/rvj10c:Unknowned desc map flags (0x4754) for file 70752
/dev/rvj10c:Unknowned desc map flags (0x2) for file 70753
/dev/rvj10c:Unknowned desc map flags (0x2) for file 70754
/dev/rvj10c:Unknowned desc map flags (0x2) for file 70755
/dev/rvj10c:Unknowned desc map flags (0x2) for file 70756
/dev/rvj10c:Unknowned desc map flags (0x2) for file 70757
/dev/rvj10c:Unknowned desc map flags (0x2) for file 70758
/dev/rvj10c:Unknowned desc map flags (0x2) for file 70759
/dev/rvj10c:Unknowned desc map flags (0x2) for file 70760
/dev/rvj10c:Unknowned desc map flags (0x2) for file 70761
/dev/rvj10c:Unknowned desc map flags (0x2) for file 70762
/dev/rvj10c:Unknowned desc map flags (0x2) for file 70763
/dev/rvj10c:Unknowned desc map flags (0x2) for file 70764
/dev/rvj10c:Unknowned desc map flags (0x2) for file 70765
/dev/rvj10c:Unknowned desc map flags (0x2) for file 70766
/dev/rvj10c:Unknowned desc map flags (0x2) for file 70767
/dev/rvj10c:Unknowned desc map flags (0x2) for file 70768
/dev/rvj10c:Unknowned desc map flags (0x2) for file 70769
/dev/rvj10c:Unknowned desc map flags (0x2) for file 70770
/dev/rvj10c:Unknowned desc map flags (0x2) for file 70771
/dev/rvj10c:Unknowned desc map flags (0x2) for file 70772
/dev/rvj10c:Unknowned desc map flags (0x2) for file 70773
/dev/rvj10c:Unknowned desc map flags (0x2) for file 70774
/dev/rvj10c:Unknowned desc map flags (0x2) for file 70775
/dev/rvj10c:Unknowned desc map flags (0x2) for file 70776
/dev/rvj10c:Unknowned desc map flags (0x2) for file 70777
/dev/rvj10c:Unknowned desc map flags (0x2) for file 70778
/dev/rvj10c:Unknowned desc map flags (0x2) for file 70779
/dev/rvj10c:Unknowned desc map flags (0x2) for file 70780
/dev/rvj10c:Unknowned desc map flags (0x2) for file 70781
/dev/rvj10c:Unknowned desc map flags (0x2) for file 70782
/dev/rvj10c:Unknowned desc map flags (0x2) for file 70783
/dev/rvj10c:Unknowned desc map flags (0x2) for file 70784
/dev/rvj10c:Unknowned desc map flags (0x2) for file 70785
/dev/rvj10c:Unknowned desc map flags (0x2) for file 70786
/dev/rvj10c:Unknowned desc map flags (0x2) for file 70787
/dev/rvj10c:Unknowned desc map flags (0x2) for file 70788
/dev/rvj10c:Unknowned desc map flags (0x2) for file 70789
/dev/rvj10c:Unknowned desc map flags (0x2) for file 70790
/dev/rvj10c:Unknowned desc map flags (0x2) for file 70791
/dev/rvj10c:Unknowned desc map flags (0x2) for file 70792
/dev/rvj10c:Unknowned desc map flags (0x2) for file 70793
/dev/rvj10c:Unknowned desc map flags (0x2) for file 70794
/dev/rvj10c:Unknowned desc map flags (0x2) for file 70795
/dev/rvj10c:Unknowned desc map flags (0x2) for file 70796
/dev/rvj10c:Unknowned desc map flags (0x2) for file 70797
/dev/rvj10c:Unknowned desc map flags (0x2) for file 70798
/dev/rvj10c:Unknowned desc map flags (0x2) for file 70799
/dev/rvj10c:Unknowned desc map flags (0x2) for file 70800
/dev/rvj10c:Unknowned desc map flags (0x2) for file 70801
/dev/rvj10c:Unknowned desc map flags (0x2) for file 70802
/dev/rvj10c:Unknowned desc map flags (0x2) for file 70803
/dev/rvj10c:Unknowned desc map flags (0x2) for file 70804
/dev/rvj10c:Unknowned desc map flags (0x2) for file 70805
/dev/rvj10c:Unknowned desc map flags (0x2) for file 70806
/dev/rvj10c:Unknowned desc map flags (0x2) for file 70807
/dev/rvj10c:Unknowned desc map flags (0x2) for file 70808
/dev/rvj10c:Unknowned desc map flags (0x2) for file 70809
/dev/rvj10c:Unknowned desc map flags (0x2) for file 70810
/dev/rvj10c:Unknowned desc map flags (0x2) for file 70811
/dev/rvj10c:Unknowned desc map flags (0x2) for file 70812
/dev/rvj10c:Unknowned desc map flags (0x2) for file 70813
/dev/rvj10c:Unknowned desc map flags (0x2) for file 70814
/dev/rvj10c:Unknowned desc map flags (0x2) for file 70815
/dev/rvj10c:Unknowned desc map flags (0x2) for file 70816
/dev/rvj10c:Unknowned desc map flags (0x2) for file 70817
/dev/rvj10c:Unknowned desc map flags (0x2) for file 70818
/dev/rvj10c:Unknowned desc map flags (0x2) for file 70819
/dev/rvj10c:Unknowned desc map flags (0x2) for file 70820
/dev/rvj10c:Unknowned desc map flags (0x2) for file 70821
/dev/rvj10c:Unknowned desc map flags (0x2) for file 70822
/dev/rvj10c:Unknowned desc map flags (0x2) for file 70823
/dev/rvj10c:Unknowned desc map flags (0x2) for file 70824
/dev/rvj10c:Unknowned desc map flags (0x2) for file 70825
/dev/rvj10c:Unknowned desc map flags (0x2) for file 70826
/dev/rvj10c:Unknowned desc map flags (0x2) for file 70827
/dev/rvj10c:Unknowned desc map flags (0x2) for file 70828
/dev/rvj10c:Unknowned desc map flags (0x2) for file 70829
/dev/rvj10c:Unknowned desc map flags (0x2) for file 70830
/dev/rvj10c:Unknowned desc map flags (0x2) for file 70831
/dev/rvj10c:Unknowned desc map flags (0x2) for file 70832
/dev/rvj10c:Unknowned desc map flags (0x2) for file 70833
/dev/rvj10c:Unknowned desc map flags (0x2) for file 70834
/dev/rvj10c:Unknowned desc map flags (0x2) for file 70835
/dev/rvj10c:Unknowned desc map flags (0x2) for file 70836
/dev/rvj10c:Unknowned desc map flags (0x2) for file 70837
/dev/rvj10c:Unknowned desc map flags (0x2) for file 70838
/dev/rvj10c:Unknowned desc map flags (0x2) for file 70839
/dev/rvj10c:Unknowned desc map flags (0x2) for file 70840
/dev/rvj10c:Unknowned desc map flags (0x2) for file 70841
/dev/rvj10c:Unknowned desc map flags (0x2) for file 70842
/dev/rvj10c:Unknowned desc map flags (0x2) for file 70843
/dev/rvj10c:Unknowned desc map flags (0x2) for file 70844
/dev/rvj10c:Unknowned desc map flags (0x2) for file 70845
/dev/rvj10c:Unknowned desc map flags (0x2) for file 70846
/dev/rvj10c:Unknowned desc map flags (0x2) for file 70847
/dev/rvj10c:Unknowned desc map flags (0x2) for file 70848
/dev/rvj10c:Unknowned desc map flags (0x2) for file 70849
/dev/rvj10c:Unknowned desc map flags (0x2) for file 70850
/dev/rvj10c:Unknowned desc map flags (0x2) for file 70851
/dev/rvj10c:Unknowned desc map flags (0x2) for file 70852
/dev/rvj10c:Unknowned desc map flags (0x2) for file 70853
/dev/rvj10c:Unknowned desc map flags (0x2) for file 70854
/dev/rvj10c:Unknowned desc map flags (0x2) for file 70855
/dev/rvj10c:Unknowned desc map flags (0x2) for file 70856
/dev/rvj10c:Unknowned desc map flags (0x2) for file 70857
/dev/rvj10c:Unknowned desc map flags (0x2) for file 70858
/dev/rvj10c:Unknowned desc map flags (0x2) for file 70859
/dev/rvj10c:Unknowned desc map flags (0x2) for file 70860
/dev/rvj10c:Unknowned desc map flags (0x2) for file 70861
/dev/rvj10c:Unknowned desc map flags (0x2) for file 70862
/dev/rvj10c:Unknowned desc map flags (0x2) for file 70863
/dev/rvj10c:Unknowned desc map flags (0x2) for file 70864
/dev/rvj10c:Unknowned desc map flags (0x2) for file 70865
/dev/rvj10c:Unknowned desc map flags (0x2) for file 70866
/dev/rvj10c:Unknowned desc map flags (0x2) for file 70867
/dev/rvj10c:Unknowned desc map flags (0x2) for file 70868
/dev/rvj10c:Unknowned desc map flags (0x2) for file 70869
/dev/rvj10c:Unknowned desc map flags (0x2) for file 70870
/dev/rvj10c:Unknowned desc map flags (0x2) for file 70871
/dev/rvj10c:Unknowned desc map flags (0x2) for file 70872
/dev/rvj10c:Unknowned desc map flags (0x2) for file 70873
/dev/rvj10c:Unknowned desc map flags (0x2) for file 70874
/dev/rvj10c:Unknowned desc map flags (0x2) for file 70875
/dev/rvj10c:Unknowned desc map flags (0x2) for file 70876
/dev/rvj10c:Unknowned desc map flags (0x2) for file 70877
/dev/rvj10c:Unknowned desc map flags (0x2) for file 70878
/dev/rvj10c:Unknowned desc map flags (0x2) for file 70879
/dev/rvj10c:Unknowned desc map flags (0x2) for file 70880
/dev/rvj10c:Unknowned desc map flags (0x2) for file 70881
/dev/rvj10c:Unknowned desc map flags (0x2) for file 70882
/dev/rvj10c:Unknowned desc map flags (0x2) for file 70883
/dev/rvj10c:Unknowned desc map flags (0x2) for file 70884
/dev/rvj10c:Unknowned desc map flags (0x2) for file 70885
/dev/rvj10c:Unknowned desc map flags (0x2) for file 70886
/dev/rvj10c:Unknowned desc map flags (0x2) for file 70887
/dev/rvj10c:Unknowned desc map flags (0x2) for file 70888
/dev/rvj10c:Unknowned desc map flags (0x2) for file 70889
/dev/rvj10c:Unknowned desc map flags (0x2) for file 70890
/dev/rvj10c:Unknowned desc map flags (0x2) for file 70891
/dev/rvj10c:Unknowned desc map flags (0x2) for file 70892
/dev/rvj10c:Unknowned desc map flags (0x2) for file 70893
/dev/rvj10c:Unknowned desc map flags (0x2) for file 70894
/dev/rvj10c:Unknowned desc map flags (0x2) for file 70895
/dev/rvj10c:Unknowned desc map flags (0x2) for file 70896
/dev/rvj10c:Unknowned desc map flags (0x2) for file 70897
/dev/rvj10c:Unknowned desc map flags (0x2) for file 70898
/dev/rvj10c:Unknowned desc map flags (0x2) for file 70899
/dev/rvj10c:Unknowned desc map flags (0x2) for file 70900
/dev/rvj10c:Unknowned desc map flags (0x2) for file 70901
/dev/rvj10c:Unknowned desc map flags (0x2) for file 70902
/dev/rvj10c:Unknowned desc map flags (0x2) for file 70903
/dev/rvj10c:Unknowned desc map flags (0x2) for file 70904
/dev/rvj10c:Unknowned desc map flags (0x2) for file 70905
/dev/rvj10c:Unknowned desc map flags (0x2) for file 70906
/dev/rvj10c:Unknowned desc map flags (0x2) for file 70907
/dev/rvj10c:Unknowned desc map flags (0x2) for file 70908
/dev/rvj10c:Unknowned desc map flags (0x2) for file 70909
/dev/rvj10c:Unknowned desc map flags (0x2) for file 70910
/dev/rvj10c:Unknowned desc map flags (0x2) for file 70911
/dev/rvj10c:Unknowned desc map flags (0x2) for file 70912
/dev/rvj10c:Unknowned desc map flags (0x2) for file 70913
/dev/rvj10c:Unknowned desc map flags (0x2) for file 70914
/dev/rvj10c:Unknowned desc map flags (0x2) for file 70915
/dev/rvj10c:Unknowned desc map flags (0x2) for file 70916
/dev/rvj10c:Unknowned desc map flags (0x2) for file 70917
/dev/rvj10c:Unknowned desc map flags (0x2) for file 70918
/dev/rvj10c:Unknowned desc map flags (0x2) for file 70919
/dev/rvj10c:Unknowned desc map flags (0x2) for file 70920
/dev/rvj10c:Unknowned desc map flags (0x2) for file 70921
/dev/rvj10c:Unknowned desc map flags (0x2) for file 70922
/dev/rvj10c:Unknowned desc map flags (0x2) for file 70923
/dev/rvj10c:Unknowned desc map flags (0x2) for file 70924
/dev/rvj10c:Unknowned desc map flags (0x2) for file 70925
/dev/rvj10c:Unknowned desc map flags (0x2) for file 70926
/dev/rvj10c:Unknowned desc map flags (0x2) for file 70927
/dev/rvj10c:Unknowned desc map flags (0x2) for file 70928
/dev/rvj10c:Unknowned desc map flags (0x2) for file 70929
/dev/rvj10c:Unknowned desc map flags (0x2) for file 70930
/dev/rvj10c:Unknowned desc map flags (0x2) for file 70931
/dev/rvj10c:Unknowned desc map flags (0x2) for file 70932
/dev/rvj10c:Unknowned desc map flags (0x2) for file 70933
/dev/rvj10c:Unknowned desc map flags (0x2) for file 70934
/dev/rvj10c:Unknowned desc map flags (0x2) for file 70935
/dev/rvj10c:Unknowned desc map flags (0x2) for file 70936
/dev/rvj10c:Unknowned desc map flags (0x2) for file 70937
/dev/rvj10c:Unknowned desc map flags (0x2) for file 70938
/dev/rvj10c:Unknowned desc map flags (0x2) for file 70939
/dev/rvj10c:Unknowned desc map flags (0x2) for file 70940
/dev/rvj10c:Unknowned desc map flags (0x2) for file 70941
/dev/rvj10c:Unknowned desc map flags (0x2) for file 70942
/dev/rvj10c:Unknowned desc map flags (0x2) for file 70943
/dev/rvj10c:Unknowned desc map flags (0x2) for file 70944
/dev/rvj10c:Unknowned desc map flags (0x2) for file 70945
/dev/rvj10c:Unknowned desc map flags (0x2) for file 70946
/dev/rvj10c:Unknowned desc map flags (0x2) for file 70947
/dev/rvj10c:Unknowned desc map flags (0x2) for file 70948
/dev/rvj10c:Unknowned desc map flags (0x2) for file 70949
/dev/rvj10c:Unknowned desc map flags (0x2) for file 70950
/dev/rvj10c:Unknowned desc map flags (0x2) for file 70951
/dev/rvj10c:Unknowned desc map flags (0x2) for file 70952
/dev/rvj10c:Unknowned desc map flags (0x2) for file 70953
/dev/rvj10c:Unknowned desc map flags (0x2) for file 70954
/dev/rvj10c:Unknowned desc map flags (0x2) for file 70955
/dev/rvj10c:Unknowned desc map flags (0x2) for file 70956
/dev/rvj10c:Unknowned desc map flags (0x2) for file 70957
/dev/rvj10c:Unknowned desc map flags (0x2) for file 70958
/dev/rvj10c:Unknowned desc map flags (0x2) for file 70959
/dev/rvj10c:Unknowned desc map flags (0x2) for file 70960
/dev/rvj10c:Unknowned desc map flags (0x2) for file 70961
/dev/rvj10c:Unknowned desc map flags (0x2) for file 70962
/dev/rvj10c:Unknowned desc map flags (0x2) for file 70963
/dev/rvj10c:Unknowned desc map flags (0x2) for file 70964
/dev/rvj10c:Unknowned desc map flags (0x2) for file 70965
/dev/rvj10c:Unknowned desc map flags (0x2) for file 70966
/dev/rvj10c:Unknowned desc map flags (0x2) for file 70967
/dev/rvj10c:Unknowned desc map flags (0x2) for file 70968
/dev/rvj10c:Unknowned desc map flags (0x2) for file 70969
/dev/rvj10c:Unknowned desc map flags (0x2) for file 70970
/dev/rvj10c:Unknowned desc map flags (0x2) for file 70971
/dev/rvj10c:Unknowned desc map flags (0x2) for file 70972
/dev/rvj10c:Unknowned desc map flags (0x2) for file 70973
/dev/rvj10c:Unknowned desc map flags (0x2) for file 70974
/dev/rvj10c:Unknowned desc map flags (0x2) for file 70975
/dev/rvj10c:Unknowned desc map flags (0x2) for file 70976
/dev/rvj10c:Unknowned desc map flags (0x2) for file 70977
/dev/rvj10c:Unknowned desc map flags (0x2) for file 70978
/dev/rvj10c:Unknowned desc map flags (0x2) for file 70979
/dev/rvj10c:Unknowned desc map flags (0x2) for file 70980
/dev/rvj10c:Unknowned desc map flags (0x2) for file 70981
/dev/rvj10c:Unknowned desc map flags (0x2) for file 70982
/dev/rvj10c:Unknowned desc map flags (0x2) for file 70983
/dev/rvj10c:Unknowned desc map flags (0x2) for file 70984
/dev/rvj10c:Unknowned desc map flags (0x2) for file 70985
/dev/rvj10c:Unknowned desc map flags (0x2) for file 70986
/dev/rvj10c:Unknowned desc map flags (0x2) for file 70987
/dev/rvj10c:Unknowned desc map flags (0x2) for file 70988
/dev/rvj10c:Unknowned desc map flags (0x2) for file 70989
/dev/rvj10c:Unknowned desc map flags (0x2) for file 70990
/dev/rvj10c:Unknowned desc map flags (0x2) for file 70991
/dev/rvj10c:Unknowned desc map flags (0x2) for file 70992
/dev/rvj10c:Unknowned desc map flags (0x2) for file 70993
/dev/rvj10c:Unknowned desc map flags (0x2) for file 70994
/dev/rvj10c:Unknowned desc map flags (0x2) for file 70995
/dev/rvj10c:Unknowned desc map flags (0x2) for file 70996
/dev/rvj10c:Unknowned desc map flags (0x2) for file 70997
/dev/rvj10c:Unknowned desc map flags (0x2) for file 70998
/dev/rvj10c:Unknowned desc map flags (0x2) for file 70999
/dev/rvj10c:Unknowned desc map flags (0x5c42) for file 75140
/dev/rvj10c:Unknowned desc map flags (0x5c42) for file 75141
/dev/rvj10c:Unknowned desc map flags (0x5c42) for file 75142
/dev/rvj10c:Unknowned desc map flags (0x5c42) for file 75143
/dev/rvj10c:Unknowned desc map flags (0x5c42) for file 75144
/dev/rvj10c:Unknowned desc map flags (0x5c42) for file 75145
/dev/rvj10c:Unknowned desc map flags (0x5c42) for file 75146
/dev/rvj10c:Unknowned desc map flags (0x5c42) for file 75147
/dev/rvj10c:Unknowned desc map flags (0x5c42) for file 75148
/dev/rvj10c:Unknowned desc map flags (0x5c42) for file 75149
/dev/rvj10c:Unknowned desc map flags (0x5a84) for file 75150
/dev/rvj10c:Unknowned desc map flags (0x5a84) for file 75151
/dev/rvj10c:Unknowned desc map flags (0x5a84) for file 75152
/dev/rvj10c:Unknowned desc map flags (0x5a84) for file 75153
/dev/rvj10c:Unknowned desc map flags (0x5a84) for file 75154
/dev/rvj10c:Unknowned desc map flags (0x5a84) for file 75155
/dev/rvj10c:Unknowned desc map flags (0x5a84) for file 75156
/dev/rvj10c:Unknowned desc map flags (0xc70c) for file 75157
/dev/rvj10c:Unknowned desc map flags (0xc70c) for file 75158
/dev/rvj10c:Unknowned desc map flags (0xc70c) for file 75159
/dev/rvj10c:Unknowned desc map flags (0xc70c) for file 75160
/dev/rvj10c:Unknowned desc map flags (0xc5a4) for file 75161
/dev/rvj10c:Unknowned desc map flags (0xc5a4) for file 75162
/dev/rvj10c:Unknowned desc map flags (0xc5a4) for file 75163
/dev/rvj10c:Unknowned desc map flags (0xc5a4) for file 75164
/dev/rvj10c:Unknowned desc map flags (0xc5a4) for file 75165
/dev/rvj10c:Unknowned desc map flags (0xc5a4) for file 75166
/dev/rvj10c:Unknowned desc map flags (0xc5a4) for file 75167
/dev/rvj10c:Unknowned desc map flags (0xc5a4) for file 75168
/dev/rvj10c:Unknowned desc map flags (0xc5a4) for file 75169
/dev/rvj10c:Unknowned desc map flags (0xc5a4) for file 75170
/dev/rvj10c:Unknowned desc map flags (0xc5a4) for file 75171
/dev/rvj10c:Unknowned desc map flags (0xc5a4) for file 75172
/dev/rvj10c:Unknowned desc map flags (0xc5a4) for file 75173
/dev/rvj10c:Unknowned desc map flags (0xc5a4) for file 75174
/dev/rvj10c:Unknowned desc map flags (0xc5a4) for file 75175
/dev/rvj10c:Unknowned desc map flags (0xc5a4) for file 75176
/dev/rvj10c:Unknowned desc map flags (0xc5a4) for file 75177
/dev/rvj10c:Unknowned desc map flags (0xc5a4) for file 75178
/dev/rvj10c:Unknowned desc map flags (0xc5a4) for file 75179
/dev/rvj10c:Unknowned desc map flags (0xc5a4) for file 75180
/dev/rvj10c:Unknowned desc map flags (0xc514) for file 75181
/dev/rvj10c:Unknowned desc map flags (0xc514) for file 75182
/dev/rvj10c:Unknowned desc map flags (0xc514) for file 75183
/dev/rvj10c:Unknowned desc map flags (0xc514) for file 75184
/dev/rvj10c:Unknowned desc map flags (0xc514) for file 75185
/dev/rvj10c:Unknowned desc map flags (0xc514) for file 75186
/dev/rvj10c:Unknowned desc map flags (0xc514) for file 75187
/dev/rvj10c:Unknowned desc map flags (0xc514) for file 75188
/dev/rvj10c:Unknowned desc map flags (0xc514) for file 75189
/dev/rvj10c:Unknowned desc map flags (0xc514) for file 75190
/dev/rvj10c:Unknowned desc map flags (0xc514) for file 75191
/dev/rvj10c:Unknowned desc map flags (0xc514) for file 75192
/dev/rvj10c:Unknowned desc map flags (0xc514) for file 75193
/dev/rvj10c:Unknowned desc map flags (0xc514) for file 75194
/dev/rvj10c:Unknowned desc map flags (0xc514) for file 75195
/dev/rvj10c:Unknowned desc map flags (0xc514) for file 75196
/dev/rvj10c:Unknowned desc map flags (0xc514) for file 75197
/dev/rvj10c:Unknowned desc map flags (0xc514) for file 75198
/dev/rvj10c:Unknowned desc map flags (0xc514) for file 75199
/dev/rvj10c:Unknowned desc map flags (0xc514) for file 75200
/dev/rvj10c:Unknowned desc map flags (0xcc36) for file 75201
/dev/rvj10c:Unknowned desc map flags (0xcc36) for file 75202
/dev/rvj10c:Unknowned desc map flags (0xcc36) for file 75203
/dev/rvj10c:Unknowned desc map flags (0xcc36) for file 75204
/dev/rvj10c:Unknowned desc map flags (0xcc36) for file 75205
/dev/rvj10c:Unknowned desc map flags (0xcc36) for file 75206
/dev/rvj10c:Unknowned desc map flags (0xcc36) for file 75207
/dev/rvj10c:Unknowned desc map flags (0xcc36) for file 75208
/dev/rvj10c:Unknowned desc map flags (0xcc36) for file 75209
/dev/rvj10c:Unknowned desc map flags (0xcc36) for file 75210
/dev/rvj10c:Unknowned desc map flags (0xcc36) for file 75211
/dev/rvj10c:Unknowned desc map flags (0xcc36) for file 75212
/dev/rvj10c:Unknowned desc map flags (0xcc36) for file 75213
/dev/rvj10c:Unknowned desc map flags (0xcc36) for file 75214
/dev/rvj10c:Unknowned desc map flags (0xcc36) for file 75215
/dev/rvj10c:Unknowned desc map flags (0xcc36) for file 75216
/dev/rvj10c:Unknowned desc map flags (0xcc36) for file 75217
/dev/rvj10c:Unknowned desc map flags (0xcc36) for file 75218
/dev/rvj10c:Unknowned desc map flags (0xcc36) for file 75219
/dev/rvj10c:Unknowned desc map flags (0xcc36) for file 75220
/dev/rvj10c:Unknowned desc map flags (0xcb79) for file 75221
/dev/rvj10c:Unknowned desc map flags (0xcb79) for file 75222
/dev/rvj10c:Unknowned desc map flags (0xcb79) for file 75223
/dev/rvj10c:Unknowned desc map flags (0xcb79) for file 75224
/dev/rvj10c:Unknowned desc map flags (0xcb79) for file 75225
/dev/rvj10c:Unknowned desc map flags (0xcb79) for file 75226
/dev/rvj10c:Unknowned desc map flags (0xcb79) for file 75227
/dev/rvj10c:Unknowned desc map flags (0xcb79) for file 75228
/dev/rvj10c:Unknowned desc map flags (0xcb79) for file 75229
/dev/rvj10c:Unknowned desc map flags (0xcb79) for file 75230
/dev/rvj10c:Unknowned desc map flags (0xcb79) for file 75231
/dev/rvj10c:Unknowned desc map flags (0xcb79) for file 75232
/dev/rvj10c:Unknowned desc map flags (0xcb79) for file 75233
/dev/rvj10c:Unknowned desc map flags (0xcb79) for file 75234
/dev/rvj10c:Unknowned desc map flags (0xcadf) for file 75235
/dev/rvj10c:Unknowned desc map flags (0xcadf) for file 75236
/dev/rvj10c:Unknowned desc map flags (0xcadf) for file 75237
/dev/rvj10c:Unknowned desc map flags (0xcadf) for file 75238
/dev/rvj10c:Unknowned desc map flags (0xcadf) for file 75239
/dev/rvj10c:Unknowned desc map flags (0xcadf) for file 75240
/dev/rvj10c:Unknowned desc map flags (0xcadf) for file 75241
/dev/rvj10c:Unknowned desc map flags (0xcadf) for file 75242
/dev/rvj10c:Unknowned desc map flags (0xcadf) for file 75243
/dev/rvj10c:Unknowned desc map flags (0xcadf) for file 75244
/dev/rvj10c:Unknowned desc map flags (0xcadf) for file 75245
/dev/rvj10c:Unknowned desc map flags (0xcadf) for file 75246
/dev/rvj10c:Unknowned desc map flags (0xcadf) for file 75247
/dev/rvj10c:Unknowned desc map flags (0xcadf) for file 75248
/dev/rvj10c:Unknowned desc map flags (0xcadf) for file 75249
/dev/rvj10c:Unknowned desc map flags (0xcadf) for file 75250
/dev/rvj10c:Unknowned desc map flags (0xcadf) for file 75251
/dev/rvj10c:Unknowned desc map flags (0x5a84) for file 75252
/dev/rvj10c:Unknowned desc map flags (0x5a84) for file 75253
/dev/rvj10c:Unknowned desc map flags (0x5a84) for file 75254
/dev/rvj10c:Unknowned desc map flags (0x5a84) for file 75255
/dev/rvj10c:Unknowned desc map flags (0x5a84) for file 75256
/dev/rvj10c:Unknowned desc map flags (0x5a84) for file 75257
/dev/rvj10c:Unknowned desc map flags (0x5a84) for file 75258
/dev/rvj10c:Unknowned desc map flags (0x5a84) for file 75259
/dev/rvj10c:Unknowned desc map flags (0x5a84) for file 75260
/dev/rvj10c:Unknowned desc map flags (0x5a84) for file 75261
/dev/rvj10c:Unknowned desc map flags (0x5a84) for file 75262
/dev/rvj10c:Unknowned desc map flags (0x5fe0) for file 75263
/dev/rvj10c:Unknowned desc map flags (0x5fe0) for file 75264
/dev/rvj10c:Unknowned desc map flags (0x5fe0) for file 75265
/dev/rvj10c:Unknowned desc map flags (0x5fe0) for file 75266
/dev/rvj10c:Unknowned desc map flags (0x5fe0) for file 75267
/dev/rvj10c:Unknowned desc map flags (0x5fe0) for file 75268
/dev/rvj10c:Unknowned desc map flags (0x5fe0) for file 75269
/dev/rvj10c:Unknowned desc map flags (0x5fe0) for file 75270
/dev/rvj10c:Unknowned desc map flags (0x5fe0) for file 75271
/dev/rvj10c:Unknowned desc map flags (0x5fe0) for file 75272
/dev/rvj10c:Unknowned desc map flags (0x5fe0) for file 75273
/dev/rvj10c:Unknowned desc map flags (0x5fe0) for file 75274
/dev/rvj10c:Unknowned desc map flags (0x5fe0) for file 75275
/dev/rvj10c:Unknowned desc map flags (0x5fe0) for file 75276
/dev/rvj10c:Unknowned desc map flags (0x6207) for file 75277
/dev/rvj10c:Unknowned desc map flags (0x6207) for file 75278
/dev/rvj10c:Unknowned desc map flags (0x6207) for file 75279
/dev/rvj10c:Unknowned desc map flags (0x6207) for file 75280
/dev/rvj10c:Unknowned desc map flags (0x6207) for file 75281
/dev/rvj10c:Unknowned desc map flags (0x6207) for file 75282
/dev/rvj10c:Unknowned desc map flags (0x6207) for file 75283
/dev/rvj10c:Unknowned desc map flags (0x6207) for file 75284
/dev/rvj10c:Unknowned desc map flags (0x6207) for file 75285
/dev/rvj10c:Unknowned desc map flags (0x6207) for file 75286
/dev/rvj10c:Unknowned desc map flags (0x6207) for file 75287
/dev/rvj10c:Unknowned desc map flags (0x6207) for file 75288
/dev/rvj10c:Unknowned desc map flags (0x6207) for file 75289
/dev/rvj10c:Unknowned desc map flags (0x6207) for file 75290
/dev/rvj10c:Unknowned desc map flags (0x6207) for file 75291
/dev/rvj10c:Unknowned desc map flags (0x6207) for file 75292
/dev/rvj10c:Unknowned desc map flags (0x6207) for file 75293
/dev/rvj10c:Unknowned desc map flags (0x6207) for file 75294
/dev/rvj10c:Unknowned desc map flags (0x6207) for file 75295
/dev/rvj10c:Unknowned desc map flags (0x6207) for file 75296
/dev/rvj10c:Unknowned desc map flags (0x6842) for file 75297
/dev/rvj10c:Unknowned desc map flags (0x6842) for file 75298
/dev/rvj10c:Unknowned desc map flags (0x6842) for file 75299
/dev/rvj10c:Unknowned desc map flags (0x6842) for file 75300
/dev/rvj10c:Unknowned desc map flags (0x6842) for file 75301
/dev/rvj10c:Unknowned desc map flags (0x6842) for file 75302
/dev/rvj10c:Unknowned desc map flags (0x6842) for file 75303
/dev/rvj10c:Unknowned desc map flags (0x6842) for file 75304
/dev/rvj10c:Unknowned desc map flags (0x6842) for file 75305
/dev/rvj10c:Unknowned desc map flags (0x6842) for file 75306
/dev/rvj10c:Unknowned desc map flags (0x6842) for file 75307
/dev/rvj10c:Unknowned desc map flags (0x6842) for file 75308
/dev/rvj10c:Unknowned desc map flags (0x6842) for file 75309
/dev/rvj10c:Unknowned desc map flags (0x6842) for file 75310
/dev/rvj10c:Unknowned desc map flags (0x6842) for file 75311
/dev/rvj10c:Unknowned desc map flags (0x6842) for file 75312
/dev/rvj10c:Unknowned desc map flags (0x6842) for file 75313
/dev/rvj10c:Unknowned desc map flags (0x6842) for file 75314
/dev/rvj10c:Unknowned desc map flags (0x6842) for file 75315
/dev/rvj10c:Unknowned desc map flags (0x6842) for file 75316
/dev/rvj10c:Unknowned desc map flags (0x6842) for file 75317
/dev/rvj10c:Unknowned desc map flags (0x6842) for file 75318
/dev/rvj10c:Unknowned desc map flags (0x6842) for file 75319
/dev/rvj10c:Unknowned desc map flags (0x6842) for file 75320
/dev/rvj10c:Unknowned desc map flags (0x66c2) for file 75321
/dev/rvj10c:Unknowned desc map flags (0x66c2) for file 75322
/dev/rvj10c:Unknowned desc map flags (0x66c2) for file 75323
/dev/rvj10c:Unknowned desc map flags (0x66c2) for file 75324
/dev/rvj10c:Unknowned desc map flags (0x66c2) for file 75325
/dev/rvj10c:Unknowned desc map flags (0x66c2) for file 75326
/dev/rvj10c:Unknowned desc map flags (0x66c2) for file 75327
/dev/rvj10c:Unknowned desc map flags (0x66c2) for file 75328
/dev/rvj10c:Unknowned desc map flags (0x66c2) for file 75329
/dev/rvj10c:Unknowned desc map flags (0x66c2) for file 75330
/dev/rvj10c:Unknowned desc map flags (0x66c2) for file 75331
/dev/rvj10c:Unknowned desc map flags (0x66c2) for file 75332
/dev/rvj10c:Unknowned desc map flags (0x66c2) for file 75333
/dev/rvj10c:Unknowned desc map flags (0x66c2) for file 75334
/dev/rvj10c:Unknowned desc map flags (0x66c2) for file 75335
/dev/rvj10c:Unknowned desc map flags (0x66c2) for file 75336
/dev/rvj10c:Unknowned desc map flags (0x66c2) for file 75337
/dev/rvj10c:Unknowned desc map flags (0x66c2) for file 75338
/dev/rvj10c:Unknowned desc map flags (0x66c2) for file 75339
/dev/rvj10c:Unknowned desc map flags (0x66c2) for file 75340
/dev/rvj10c:Unknowned desc map flags (0x66c2) for file 75341
/dev/rvj10c:Unknowned desc map flags (0x64f4) for file 75342
/dev/rvj10c:Unknowned desc map flags (0x64f4) for file 75343
/dev/rvj10c:Unknowned desc map flags (0x6c44) for file 75344
/dev/rvj10c:Unknowned desc map flags (0x6c44) for file 75345
/dev/rvj10c:Unknowned desc map flags (0x6c44) for file 75346
/dev/rvj10c:Unknowned desc map flags (0x6c44) for file 75347
/dev/rvj10c:Unknowned desc map flags (0x6c44) for file 75348
/dev/rvj10c:Unknowned desc map flags (0x6c44) for file 75349
/dev/rvj10c:Unknowned desc map flags (0x6c44) for file 75350
/dev/rvj10c:Unknowned desc map flags (0x6c44) for file 75351
/dev/rvj10c:Unknowned desc map flags (0x6c44) for file 75352
/dev/rvj10c:Unknowned desc map flags (0x6c44) for file 75353
/dev/rvj10c:Unknowned desc map flags (0x6c44) for file 75354
/dev/rvj10c:Unknowned desc map flags (0x6c44) for file 75355
/dev/rvj10c:Unknowned desc map flags (0xe700) for file 75356
/dev/rvj10c:Unknowned desc map flags (0x6c44) for file 75357
/dev/rvj10c:Unknowned desc map flags (0x6c44) for file 75358
/dev/rvj10c:Unknowned desc map flags (0x6c44) for file 75359
/dev/rvj10c:Unknowned desc map flags (0x6c44) for file 75360
/dev/rvj10c:Unknowned desc map flags (0x6c44) for file 75361
/dev/rvj10c:Unknowned desc map flags (0x6c44) for file 75362
/dev/rvj10c:Unknowned desc map flags (0x6c44) for file 75363
/dev/rvj10c:Unknowned desc map flags (0x6c44) for file 75364
/dev/rvj10c:Unknowned desc map flags (0x6c44) for file 75365
/dev/rvj10c:Unknowned desc map flags (0x6c44) for file 75366
/dev/rvj10c:Unknowned desc map flags (0x6c44) for file 75367
/dev/rvj10c:Unknowned desc map flags (0x6c44) for file 75368
/dev/rvj10c:Unknowned desc map flags (0x6c44) for file 75369
/dev/rvj10c:Unknowned desc map flags (0x6c44) for file 75370
/dev/rvj10c:Unknowned desc map flags (0x6abd) for file 75371
/dev/rvj10c:Unknowned desc map flags (0x6abd) for file 75372
/dev/rvj10c:Unknowned desc map flags (0x6abd) for file 75373
/dev/rvj10c:Unknowned desc map flags (0x6abd) for file 75374
/dev/rvj10c:Unknowned desc map flags (0x6abd) for file 75375
/dev/rvj10c:Unknowned desc map flags (0x3960) for file 75376
/dev/rvj10c:Unknowned desc map flags (0x6abd) for file 75377
/dev/rvj10c:Unknowned desc map flags (0x6abd) for file 75378
/dev/rvj10c:Unknowned desc map flags (0x6abd) for file 75379
/dev/rvj10c:Unknowned desc map flags (0x6abd) for file 75380
/dev/rvj10c:Unknowned desc map flags (0x6abd) for file 75381
/dev/rvj10c:Unknowned desc map flags (0x6abd) for file 75382
/dev/rvj10c:Unknowned desc map flags (0x6abd) for file 75383
/dev/rvj10c:Unknowned desc map flags (0x6abd) for file 75384
/dev/rvj10c:Unknowned desc map flags (0x6abd) for file 75385
/dev/rvj10c:Unknowned desc map flags (0x6abd) for file 75386
/dev/rvj10c:Unknowned desc map flags (0x6abd) for file 75387
/dev/rvj10c:Unknowned desc map flags (0x6abd) for file 75388
/dev/rvj10c:Unknowned desc map flags (0x3960) for file 75389
/dev/rvj10c:Unknowned desc map flags (0x3960) for file 75390
/dev/rvj10c:Unknowned desc map flags (0x3960) for file 75391
/dev/rvj10c:Unknowned desc map flags (0x3960) for file 75392
/dev/rvj10c:Unknowned desc map flags (0x3960) for file 75393
/dev/rvj10c:Unknowned desc map flags (0x3960) for file 75394
/dev/rvj10c:Unknowned desc map flags (0x3960) for file 75395
/dev/rvj10c:Unknowned desc map flags (0xa820) for file 75396
/dev/rvj10c:Unknowned desc map flags (0xa820) for file 75397
/dev/rvj10c:Unknowned desc map flags (0xa820) for file 75398
/dev/rvj10c:Unknowned desc map flags (0xa820) for file 75399
/dev/rvj10c:Unknowned desc map flags (0xa7d8) for file 75400
/dev/rvj10c:Unknowned desc map flags (0xa7d8) for file 75401
/dev/rvj10c:Unknowned desc map flags (0xa7d8) for file 75402
/dev/rvj10c:Unknowned desc map flags (0x7393) for file 75403
/dev/rvj10c:Unknowned desc map flags (0x7393) for file 75404
/dev/rvj10c:Unknowned desc map flags (0x7393) for file 75405
/dev/rvj10c:Unknowned desc map flags (0x8847) for file 75406
/dev/rvj10c:Unknowned desc map flags (0x85ae) for file 75407
/dev/rvj10c:Unknowned desc map flags (0x85ae) for file 75408
/dev/rvj10c:Unknowned desc map flags (0xa375) for file 75409
/dev/rvj10c:Unknowned desc map flags (0xcbc4) for file 75410
/dev/rvj10c:Unknowned desc map flags (0xd042) for file 75411
/dev/rvj10c:Unknowned desc map flags (0xd042) for file 75412
/dev/rvj10c:Unknowned desc map flags (0xe6b5) for file 75413
/dev/rvj10c:Unknowned desc map flags (0xe6b5) for file 75414
/dev/rvj10c:Unknowned desc map flags (0xe6b5) for file 75415
/dev/rvj10c:Unknowned desc map flags (0x8041) for file 75416
/dev/rvj10c:Unknowned desc map flags (0x6e96) for file 75417
/dev/rvj10c:Unknowned desc map flags (0x8041) for file 75418
/dev/rvj10c:Unknowned desc map flags (0x8041) for file 75419
/dev/rvj10c:Unknowned desc map flags (0x8041) for file 75420
/dev/rvj10c:Unknowned desc map flags (0x8041) for file 75421
/dev/rvj10c:Unknowned desc map flags (0x8041) for file 75422
/dev/rvj10c:Unknowned desc map flags (0x8041) for file 75423
/dev/rvj10c:Unknowned desc map flags (0x8041) for file 75424
/dev/rvj10c:Unknowned desc map flags (0x8041) for file 75425
/dev/rvj10c:Unknowned desc map flags (0x8232) for file 75426
/dev/rvj10c:Unknowned desc map flags (0x8232) for file 75427
/dev/rvj10c:Unknowned desc map flags (0x8232) for file 75428
/dev/rvj10c:Unknowned desc map flags (0x8232) for file 75429
/dev/rvj10c:Unknowned desc map flags (0x8232) for file 75430
/dev/rvj10c:Unknowned desc map flags (0x8232) for file 75431
/dev/rvj10c:Unknowned desc map flags (0x8232) for file 75432
/dev/rvj10c:Unknowned desc map flags (0xd047) for file 75433
/dev/rvj10c:Unknowned desc map flags (0xd2db) for file 75434
/dev/rvj10c:Unknowned desc map flags (0xe83b) for file 75435
/dev/rvj10c:Unknowned desc map flags (0x52b9) for file 75436
/dev/rvj10c:Unknowned desc map flags (0x65e6) for file 75437
/dev/rvj10c:Unknowned desc map flags (0x6c6) for file 75438
/dev/rvj10c:Unknowned desc map flags (0xc) for file 75439
/dev/rvj10c:DescMap: Bad alloc count; is 40657 should be 40840
/dev/rvj10c:StableMem2:Block 5 duplicate usage of block 1775573
/dev/rvj10c:StableMem2:Block 5 duplicate usage of block 1775574
/dev/rvj10c:StableMem2:Block 5 duplicate usage of block 1775575
/dev/rvj10c:StableMem2:Block 5 duplicate usage of block 1775576
/dev/rvj10c:StableMem2:Block 5 duplicate usage of block 1775577
/dev/rvj10c:StableMem2:Block 5 duplicate usage of block 1775578
/dev/rvj10c:StableMem2:Block 5 duplicate usage of block 1775579
/dev/rvj10c:StableMem2:Block 5 duplicate usage of block 1775580
