
blockframe.o:
00000e10 T __initialize_blockframe
         U __obstack_begin
         U __obstack_newchunk
00000950 T _block_for_pc
         U _block_function
00000db0 T _block_innermost_frame
         U _bzero
00000090 T _create_new_frame
00000008 C _current_directory
00000e40 b _current_frame
00000008 C _current_source_line
00000008 C _current_source_symtab
         U _error
         U _fatal
00000ae0 T _find_pc_function
00000ce0 T _find_pc_misc_function
00000b20 T _find_pc_partial_function
         U _find_pc_psymbol
         U _find_pc_psymtab
000001c0 T _flush_cached_frames
00000028 C _frame_cache_obstack
         U _frame_saved_pc
         U _free
00000830 T _get_current_block
00000050 T _get_current_frame
000007f0 T _get_frame_block
000008d0 T _get_frame_function
00000250 T _get_frame_info
00000580 T _get_frame_pc
000005d0 T _get_frame_saved_regs
000001b0 T _get_next_frame
00000850 T _get_pc_function_start
00000190 T _get_prev_frame
000002c0 T _get_prev_frame_info
         U _have_core_file_p
         U _have_inferior_p
00000008 C _misc_function_count
00000008 C _misc_function_vector
         U _obstack_free
00000000 T _outside_startup_file
00000008 C _partial_symtab_list
         U _psymtab_to_symtab
         U _read_memory_integer
         U _read_pc
         U _read_register
00000070 T _set_current_frame
         U _skip_prologue
00000008 C _startup_file_end
00000008 C _startup_file_start
00000008 C _symtab_list
         U _xmalloc
00000000 t gcc_compiled.

breakpoint.o:
00003820 T __initialize_breakpoint
         U _add_abbrev_cmd
         U _add_abbrev_prefix_cmd
         U _add_cmd
         U _add_com
         U _add_com_alias
         U _add_info
         U _add_prefix_cmd
         U _atoi
         U _block_for_pc
00001640 t _break_command
00001210 t _break_command_1
00003c00 d _break_insn
00000a20 t _breakpoint_1
00001c10 T _breakpoint_auto_delete
00000008 C _breakpoint_chain
00001fe0 T _breakpoint_clear_ignore_counts
00000008 C _breakpoint_commands
00000760 T _breakpoint_cond_eval
00003c08 b _breakpoint_count
00000700 T _breakpoint_here_p
000007c0 T _breakpoint_stop_status
00000c50 t _breakpoints_info
         U _bzero
         U _catch_errors
00000e70 t _check_duplicates
00000540 T _clear_breakpoint_commands
00001e60 T _clear_breakpoints
000018b0 t _clear_command
00000ff0 T _clear_momentary_breakpoints
         U _clear_proceed_status
         U _cmdlist
00000380 t _commands_command
000000b0 t _condition_command
00000008 C _current_directory
00000008 C _current_source_line
00000008 C _current_source_symtab
         U _decode_line_1
         U _decode_line_spec
00002570 T _decode_line_spec_1
00000008 C _default_breakpoint_address
00000008 C _default_breakpoint_line
00000008 C _default_breakpoint_symtab
00000008 C _default_breakpoint_valid
00001cb0 t _delete_breakpoint
00001dc0 t _delete_command
         U _deletelist
00000d00 t _describe_other_breakpoints
00002400 t _disable_breakpoint
00002450 t _disable_command
         U _disablelist
000004f0 T _do_breakpoint_commands
00002340 t _enable_breakpoint
00002390 t _enable_command
000024f0 t _enable_delete_breakpoint
00002510 t _enable_delete_command
000024b0 t _enable_once_breakpoint
000024d0 t _enable_once_command
         U _enablebreaklist
         U _enablelist
         U _error
         U _error_no_arg
         U _evaluate_expression
         U _execute_command
         U _fflush
         U _find_line_pc
         U _find_pc_function
         U _find_pc_line
         U _find_pc_partial_function
         U _fputc
         U _free
         U _free_all_values
         U _free_command_lines
00000560 T _get_breakpoint_commands
         U _get_current_frame
         U _get_frame_info
         U _get_prev_frame
00002090 t _ignore_command
         U _input_from_terminal_p
000005a0 T _insert_breakpoints
         U _malloc
000021e0 t _map_breakpoint_numbers
000006c0 T _mark_breakpoints_out
00000008 C _misc_function_count
00000008 C _misc_function_vector
         U _parse_and_eval_address
         U _parse_c_1
00000008 C _partial_symtab_list
         U _print_expression
         U _printf
         U _printf_filtered
         U _proceed
         U _query
         U _read_command_lines
         U _read_memory
00000650 T _remove_breakpoints
         U _select_frame
         U _selected_frame
00001080 T _set_breakpoint
00000580 T _set_breakpoint_commands
00000e40 T _set_default_breakpoint
00001f10 T _set_ignore_count
00000f90 T _set_momentary_breakpoint
         U _set_next_address
00000ef0 t _set_raw_breakpoint
         U _stdioOutFile
         U _strcmp
00000008 C _symtab_list
00001660 t _tbreak_command
000016b0 T _until_break_command
         U _value_zerop
         U _write_memory
         U _xgdb_verbose
         U _xmalloc
00000000 t gcc_compiled.

command.o:
         U __ctype_bits
00001130 T __initialize_command
00000070 T _add_abbrev_cmd
000001e0 T _add_abbrev_prefix_cmd
000000e0 T _add_alias_cmd
00000000 T _add_cmd
         U _add_com
000001a0 T _add_prefix_cmd
         U _cmdlist
00000e60 T _complete_on_cmdlist
00000008 C _current_directory
00000220 T _delete_cmd
         U _error
         U _execl
         U _exit
         U _fork
         U _fprintf
         U _fprintf_filtered
         U _fputs_filtered
         U _free
         U _getenv
000002e0 T _help_cmd
00000640 T _help_cmd_list
000004f0 T _help_list
00001160 d _line_buffer.0
00001168 b _line_size.1
00000ad0 T _lookup_cmd
00000820 T _lookup_cmd_1
         U _rindex
         U _savestring
00000fc0 t _shell_escape
         U _stdioErrFile
         U _strcat
         U _strcmp
         U _strcpy
         U _strlen
         U _strncmp
         U _strncpy
         U _wait
         U _xmalloc
         U _xrealloc
00000000 t gcc_compiled.

copying.o:
000030a0 T __initialize_copying
         U _add_info
00002200 t _copying_info
         U _immediate_quit
         U _printf_filtered
00002f00 t _warranty_info
00000000 t gcc_compiled.

core.o:
00000d90 T __initialize_core
         U _add_com
         U _add_info
         U _bzero
         U _close
00000020 T _close_exec_file
         U _concat
00000020 C _core_aouthdr
         U _core_file_command
00000008 C _corechan
00000008 C _corefile
00000008 C _current_directory
00000008 C _data_end
00000008 C _data_offset
00000008 C _data_start
         U _error
00000020 C _exec_aouthdr
00000008 C _exec_data_end
00000008 C _exec_data_offset
00000008 C _exec_data_start
         U _exec_file_command
00000008 C _exec_file_display_hook
00000008 C _exec_mtime
00000008 C _execchan
00000008 C _execfile
         U _fatal
00000440 t _files_info
         U _free
         U _fstat
00000240 T _get_exec_file
         U _get_sym_file
00000280 T _have_core_file_p
         U _have_inferior_p
         U _lseek
00000bc0 T _myread
         U _perror_with_name
         U _printf
         U _read
         U _read_inferior_memory
000005c0 T _read_memory
         U _remote_debugging
         U _remote_read_inferior_memory
         U _remote_write_inferior_memory
00000060 T _reopen_exec_file
00000000 T _specify_exec_file_hook
00000008 C _stack_end
00000008 C _stack_offset
00000008 C _stack_start
00000008 C _text_end
00000008 C _text_offset
00000008 C _text_start
00000130 T _validate_files
         U _write_inferior_memory
00000690 T _write_memory
00000790 T _xfer_core_file
00000000 t gcc_compiled.

dbxread.o:
         U .div
         U .mul
         U .rem
         U .udiv
00009310 T __initialize_dbxread
         U __obstack_newchunk
         U _abort
000020b0 t _add_bincl_to_list
         U _add_com
00005920 T _add_file_command
00000440 t _add_new_header_file
000003a0 t _add_old_header_file
00000820 t _add_symbol_to_list
000002d0 t _add_this_object_header_file
00006770 t _add_undefined_type
         U _atof
         U _atoi
         U _bcopy
00015430 b _bincl_list
00015420 b _bincls_allocated
         U _builtin_type_char
         U _builtin_type_double
         U _builtin_type_float
         U _builtin_type_int
         U _builtin_type_long
         U _builtin_type_short
         U _builtin_type_unsigned_char
         U _builtin_type_unsigned_int
         U _builtin_type_unsigned_short
         U _builtin_type_void
         U _bzero
000067e0 t _cleanup_undefined_types
         U _close
00000008 C _common_block
00000008 C _common_block_i
00001410 t _compare_misc_functions
00003e90 t _compare_psymbols
00001670 t _compare_symbols
         U _concat
000054a0 t _condense_addl_misc_bunches
000014a0 t _condense_misc_bunches
00000008 C _context_stack
00000008 C _context_stack_depth
00000008 C _context_stack_size
00009180 t _copy_pending
00000008 C _current_directory
00000008 C _current_source_line
00000008 C _current_source_symtab
000156c0 b _current_subfile
000156e8 b _current_symseg
000007b0 t _dbx_alloc_type
00000700 t _dbx_create_type
00000560 t _dbx_lookup_type
00005f30 t _define_symbol
         U _discard_cleanups
00001460 t _discard_misc_bunches
         U _do_cleanups
         U _dont_repeat
000156d0 b _end_of_text_addr
00003ed0 t _end_psymtab
00001040 t _end_symtab
000153e0 b _entry_point
         U _error
00009398 d _error_printed.0
         U _fatal
         U _fclose
         U _fdopen
         U _fflush
00000008 C _file_symbols
00009140 T _fill_in_vptr_fieldno
00001f30 t _fill_symbuf
00002170 T _find_corresponding_bincl_psymtab
00000970 t _finish_block
00015478 b _first_global_sym
00009210 t _fix_common_block
         U _fprintf
         U _free
         U _free_all_psymtabs
         U _free_all_symtabs
000021e0 t _free_bincl_list
         U _free_current_contents
00000220 t _free_header_files
00000008 C _free_pendings
00001ef0 T _get_sym_file
         U _getenv
00000010 C _global_psymbols
00015488 b _global_sym_chain
00000008 C _global_symbols
00004d80 t _hash_symsegs
00004d00 t _hashname
00015400 b _header_file_prev_index
00015448 b _header_files
         U _index
         U _info_verbose
00002070 t _init_bincl_list
000001d0 t _init_header_files
000012e0 t _init_misc_functions
00002010 T _init_psymbol_list
00015470 b _last_global_sym
000156e0 b _last_source_file
000156d8 b _last_source_start_addr
000156a0 b _line_vector
00015698 b _line_vector_index
00015688 b _line_vector_length
00000008 C _local_symbols
         U _lookup_basetype_type
         U _lookup_function_type
         U _lookup_pointer_type
         U _lseek
00000c20 t _make_blockvector
         U _make_cleanup
000153f8 b _misc_bunch
000153f0 b _misc_bunch_index
000153e8 b _misc_count
00000008 C _misc_function_count
00000008 C _misc_function_vector
         U _myread
00015438 b _n_allocated_header_files
00015408 b _n_allocated_this_object_header_files
00015440 b _n_header_files
00015410 b _n_this_object_header_files
000002a0 t _new_object_header_files
00015428 b _next_bincl
00001f90 t _next_symbol_text
000000e0 t _obconcat
00000000 t _obsavestring
         U _obstack_free
         U _open
         U _openp
0000939c d _opname.1
         U _parse_and_eval_address
00000008 C _partial_symtab_list
00000008 C _pending_blocks
         U _perror_with_name
00001290 t _pop_subfile
00015690 b _prev_line_number
         U _printf
         U _printf_filtered
00004f50 t _process_one_symbol
00015468 b _processing_gcc_compilation
         U _psymbol_obstack
00004470 T _psymtab_to_symtab
00004270 t _psymtab_to_symtab_1
00001220 t _push_subfile
         U _qsort
         U _query
         U _quit
         U _quit_flag
00005630 t _read_addl_syms
00008ff0 t _read_args
000083a0 t _read_array_type
00002300 t _read_dbx_symtab
00008690 t _read_enum_type
00008ef0 t _read_number
000049f0 t _read_ofile_symtab
00008a30 t _read_range_type
000073f0 t _read_struct_type
00006a60 t _read_type
00005e10 t _read_type_number
000008b0 t _really_free_pendings
00000d40 t _record_line
00001310 t _record_misc_function
         U _savestring
00004830 t _scan_file_globals
         U _smash_to_function_type
         U _smash_to_member_type
         U _smash_to_method_type
         U _smash_to_pointer_type
         U _smash_to_reference_type
00001710 t _sort_syms
00001750 t _sort_symtab_syms
00003d00 t _start_psymtab
00000f00 t _start_subfile
00000df0 t _start_symtab
         U _startup_file_end
         U _startup_file_start
         U _stat
00000010 C _static_psymbols
         U _stdioErrFile
         U _stdioOutFile
         U _strcat
         U _strcmp
         U _strcpy
000093c0 b _stringtab_global
         U _strlen
         U _strncmp
         U _strncpy
00000008 C _subfile_stack
000156c8 b _subfiles
000018d0 T _symbol_file_command
         U _symbol_obstack
000093e0 b _symbuf
000093d0 b _symbuf_end
000093d8 b _symbuf_idx
00015480 b _symfile
000156b8 b _symnum
000156f0 b _symseg_chain
000093c8 b _symtab_input_desc
00000008 C _symtab_list
00015418 b _this_object_header_files
         U _tilde_expand
000156b0 b _type_vector
000156a8 b _type_vector_length
00015460 b _undef_types
00015458 b _undef_types_allocated
00015450 b _undef_types_length
00000008 C _within_function
         U _xmalloc
         U _xrealloc
00000000 t gcc_compiled.

dep.o:
         U _abort
00000360 T _attach
         U _attach_flag
         U _bcopy
00001590 d _break_insn
000015d0 b _break_mem
000015e8 b _brknpc4
000015e0 b _brktrg
00000000 T _call_ptrace
         U _clear_proceed_status
         U _close
         U _concat
         U _core_aouthdr
000009f0 T _core_file_command
         U _corechan
         U _corefile
         U _create_new_frame
00000008 C _current_directory
         U _data_end
         U _data_offset
         U _data_start
000003c0 T _detach
00001290 T _do_restore_insn
00001170 T _do_save_insn
         U _errno
         U _error
         U _exec_aouthdr
         U _exec_data_end
         U _exec_data_offset
         U _exec_data_start
00000db0 T _exec_file_command
         U _exec_file_display_hook
         U _exec_mtime
         U _execchan
         U _execfile
         U _fatal
00000420 T _fetch_inferior_registers
         U _fprintf
00001090 T _frame_saved_pc
         U _free
         U _fstat
         U _get_current_frame
         U _getenv
         U _have_inferior_p
         U _inferior_died
         U _inferior_pid
000014b0 T _isannulled
00000030 T _kill_inferior
00000090 T _kill_inferior_fast
         U _lseek
         U _make_cleanup
         U _myread
00001600 b _next_pc
000015f8 b _npc4
00000008 C _one_stepped
         U _open
         U _openp
         U _perror_with_name
         U _printf
         U _proceed
         U _ptrace
00000610 T _read_inferior_memory
         U _read_memory
         U _read_memory_integer
         U _read_pc
         U _read_register
         U _registers
         U _remote_debugging
         U _remote_fetch_registers
         U _remote_fetch_word
         U _remote_resume
         U _remote_store_registers
         U _remote_store_word
         U _restore_inferior_status
000015c0 d _restore_insn_opcodes
000002d0 T _resume
         U _save_inferior_status
000015a0 d _save_insn_opcodes
         U _savestring
         U _select_frame
         U _set_current_frame
00001130 T _setup_arbitrary_frame
000000e0 T _single_step
00001330 T _skip_prologue
         U _stack_end
         U _stack_offset
         U _stack_start
         U _stdioErrFile
         U _stop_after_trap
000004e0 T _store_inferior_registers
         U _strlen
         U _sys_siglist
000015f0 b _target
         U _text_end
         U _text_offset
         U _text_start
         U _tilde_expand
         U _validate_files
         U _wait
00000700 T _write_inferior_memory
         U _write_memory
         U _write_register
00000000 t gcc_compiled.

environ.o:
         U _bcopy
         U _environ
00000180 T _environ_vector
         U _free
00000030 T _free_environ
00000190 T _get_in_environ
00000070 T _init_environ
00000000 T _make_environ
00000210 T _set_in_environ
         U _strcat
         U _strcpy
         U _strlen
         U _strncmp
00000320 T _unset_in_environ
         U _xmalloc
         U _xrealloc
00000000 t gcc_compiled.

eval.o:
         U _access_value_history
         U _allocate_repeat_value
         U _allocate_value
         U _binop_user_defined_p
         U _builtin_type_char
         U _builtin_type_int
         U _builtin_type_long
         U _call_function
00000008 C _current_directory
00000008 C _current_source_line
00000008 C _current_source_symtab
         U _do_cleanups
         U _error
00000130 T _evaluate_expression
00000310 t _evaluate_subexp
00001e00 t _evaluate_subexp_for_address
00002070 t _evaluate_subexp_for_sizeof
00001fd0 t _evaluate_subexp_with_coercion
00000160 T _evaluate_type
         U _fill_in_vptr_fieldno
         U _free_current_contents
         U _locate_var_value
         U _lookup_pointer_type
         U _lookup_struct_elt_type
         U _make_cleanup
00000008 C _misc_function_count
00000008 C _misc_function_vector
000000a0 T _parse_and_eval
00000000 T _parse_and_eval_address
00000050 T _parse_and_eval_address_1
         U _parse_c_1
         U _parse_c_expression
000000e0 T _parse_to_comma_and_eval
00000008 C _partial_symtab_list
         U _strlen
00000008 C _symtab_list
         U _unop_user_defined_p
         U _value_add
         U _value_addr
         U _value_as_long
         U _value_assign
         U _value_at
         U _value_binop
         U _value_cast
         U _value_equal
         U _value_field
         U _value_from_double
         U _value_from_long
         U _value_ind
         U _value_less
         U _value_lognot
         U _value_neg
         U _value_of_internalvar
         U _value_of_register
         U _value_of_this
         U _value_of_variable
         U _value_repeat
         U _value_static_field
         U _value_string
         U _value_struct_elt
         U _value_struct_elt_for_address
         U _value_sub
         U _value_subscript
         U _value_x_binop
         U _value_x_unop
         U _value_zero
         U _value_zerop
00000000 t gcc_compiled.

expprint.o:
00000008 C _current_directory
00000008 C _current_source_line
00000008 C _current_source_symtab
         U _fprintf
         U _internalvar_name
00000008 C _misc_function_count
00000008 C _misc_function_vector
000008f8 d _op_print_tab
00000008 C _partial_symtab_list
00000050 T _print_expression
000000d0 t _print_subexp
         U _printchar
         U _reg_names
         U _strlen
00000008 C _symtab_list
         U _type_print
         U _value_from_double
         U _value_from_long
         U _value_print
00000000 t gcc_compiled.

expread.tab.o:
         U .mul
000045c0 T __initialize_expread
00004758 b _arglist_len
         U _atof
         U _atoi
         U _bcopy
00000008 C _block_found
         U _builtin_type_char
         U _builtin_type_double
         U _builtin_type_int
         U _builtin_type_long
         U _builtin_type_short
         U _builtin_type_unsigned_int
         U _builtin_type_unsigned_long
         U _builtin_type_unsigned_short
00004720 b _comma_terminates
         U _contained_in
00003e80 t _copy_name
         U _create_array_type
00000008 C _current_directory
00000008 C _current_source_line
00000008 C _current_source_symtab
         U _discard_cleanups
00002bb0 t _end_arglist
         U _error
         U _error_no_arg
00004778 b _expout
00004768 b _expout_ptr
00004770 b _expout_size
00004760 b _expression_context_block
         U _fprintf
         U _free
         U _free_current_contents
00002bf0 t _free_funcalls
00000008 C _funcall_chain
         U _get_selected_block
00000008 C _innermost_block
00003f30 t _length_of_subexp
00004738 b _lexptr
         U _lookup_enum
         U _lookup_function_type
         U _lookup_internalvar
         U _lookup_member_type
         U _lookup_partial_symtab
         U _lookup_pointer_type
         U _lookup_reference_type
         U _lookup_struct
         U _lookup_symbol
         U _lookup_symtab
         U _lookup_typename
         U _lookup_union
         U _lookup_unsigned_typename
         U _make_cleanup
00000008 C _misc_function_count
00000008 C _misc_function_vector
00004730 b _namecopy
00004728 b _paren_depth
00004310 T _parse_c_1
000044b0 T _parse_c_expression
         U _parse_escape
00002e80 t _parse_number
00000008 C _partial_symtab_list
00004570 t _pop_type
00003ec0 t _prefixify_expression
000040d0 t _prefixify_subexp
00004500 t _push_type
         U _reg_names
00002b70 t _start_arglist
00004700 D _std_regs
         U _stdioErrFile
         U _strcmp
         U _strlen
         U _strncmp
00000008 C _symtab_list
00004610 d _tokentab2
000045f0 d _tokentab3
00004750 b _type_stack
00004748 b _type_stack_depth
00004740 b _type_stack_size
00002c30 t _write_exp_elt
00002d10 t _write_exp_elt_dblcst
00002d50 t _write_exp_elt_intern
00002cf0 t _write_exp_elt_longcst
00002cb0 t _write_exp_elt_opcode
00002cd0 t _write_exp_elt_sym
00002d30 t _write_exp_elt_type
00002d70 t _write_exp_string
         U _xmalloc
         U _xrealloc
00000008 C _yychar
00000dc4 t _yycheck
00000008 C _yydebug
00000638 t _yydefact
000007ac t _yydefgoto
00003e60 t _yyerror
00003210 t _yylex
00000018 C _yylloc
00000008 C _yylval
00000008 C _yynerrs
000007d0 t _yypact
00001480 T _yyparse
00000944 t _yypgoto
00000480 t _yyr1
0000055c t _yyr2
00000128 t _yyrline
00000968 t _yytable
00000380 t _yytname
00000000 t _yytranslate
00000000 t gcc_compiled.

findvar.o:
         U _allocate_value
         U _bcopy
         U _builtin_type_float
         U _builtin_type_int
         U _builtin_type_long
00000008 C _current_directory
00000008 C _current_source_line
00000008 C _current_source_symtab
         U _error
         U _fatal
00000000 T _find_saved_register
         U _get_frame_block
         U _get_frame_info
         U _get_frame_saved_regs
         U _get_next_frame
         U _get_prev_frame
         U _have_core_file_p
         U _have_inferior_p
00000940 T _locate_var_value
         U _lookup_pointer_type
00000008 C _misc_function_count
00000008 C _misc_function_vector
00000008 C _partial_symtab_list
         U _quit
         U _quit_flag
         U _read_memory
         U _read_memory_integer
00000390 T _read_register
00000320 T _read_register_bytes
00000110 T _read_relative_register_raw_bytes
00000450 T _read_var_value
00000120 C _registers
         U _selected_frame
         U _store_inferior_registers
00000400 T _supply_register
00000008 C _symtab_list
         U _value_cast
         U _value_from_long
00000620 T _value_from_register
000001e0 T _value_of_register
000003b0 T _write_register
00000350 T _write_register_bytes
00000000 t gcc_compiled.

funmap.o:
         U _abort
00000508 d _default_funmap
00000008 C _foo_testing_ar
         U _fprintf
000004b8 D _funmap
000004f8 d _funmap_entry
00000678 d _funmap_initialized
000004c8 d _funmap_size
000004d8 d _just_testing_ar_tmp
000004e8 d _just_testing_ar_tmp_2
         U _malloc
00000490 t _memory_error_and_abort
00000688 D _possible_control_prefixes
00000698 D _possible_meta_prefixes
         U _realloc
         U _rl_abort
00000290 T _rl_add_funmap_entry
         U _rl_backward
         U _rl_backward_kill_line
         U _rl_backward_kill_word
         U _rl_backward_word
         U _rl_beg_of_line
         U _rl_beginning_of_history
         U _rl_capitalize_word
         U _rl_clear_screen
         U _rl_complete
         U _rl_delete
         U _rl_digit_argument
         U _rl_do_lowercase_version
         U _rl_downcase_word
         U _rl_end_kbd_macro
         U _rl_end_of_history
         U _rl_end_of_line
         U _rl_forward
         U _rl_forward_search_history
         U _rl_forward_word
         U _rl_get_next_history
         U _rl_get_previous_history
00000360 T _rl_initialize_funmap
         U _rl_insert
         U _rl_kill_line
         U _rl_kill_word
         U _rl_newline
         U _rl_possible_completions
         U _rl_quoted_insert
         U _rl_re_read_init_file
         U _rl_reverse_search_history
         U _rl_revert_line
         U _rl_rubout
         U _rl_start_kbd_macro
         U _rl_tab_insert
         U _rl_transpose_chars
         U _rl_transpose_words
         U _rl_undo_command
         U _rl_universal_argument
         U _rl_unix_line_discard
         U _rl_unix_word_rubout
         U _rl_upcase_word
         U _rl_yank
         U _rl_yank_nth_arg
         U _rl_yank_pop
         U _stdioErrFile
00000400 t _xmalloc
00000430 t _xrealloc
00000000 t gcc_compiled.

history.o:
         U _abort
00000030 T _add_history
000008c0 T _current_history
         U _errno
         U _fclose
         U _fgetc
         U _fopen
         U _fprintf
         U _free
00000b10 T _get_history_event
00001760 T _get_history_word_specifier
         U _getenv
00001a20 T _history_arg_extract
00002028 D _history_base
0000200e D _history_comment_char
00000ea0 T _history_expand
0000200c D _history_expansion_char
00000630 t _history_filename
000009e0 T _history_get
00001ff8 d _history_length
000009c0 T _history_list
00002018 D _history_no_expand_chars
00001fe8 d _history_offset
00000290 T _history_search
00000a50 T _history_search_pos
00000ab0 T _history_set_pos
00002008 d _history_size
00001fd8 d _history_stifled
0000200d D _history_subst_char
00001bb0 T _history_tokenize
         U _index
         U _malloc
00002040 b _max_input_history
00001fa0 t _memory_error_and_abort
00000970 T _next_history
00000920 T _previous_history
000006f0 T _read_history
         U _realloc
00000440 T _remove_history
000001f0 T _replace_history_entry
         U _rindex
00002038 d _search_string
         U _sprintf
         U _sscanf
         U _stdioErrFile
000004f0 T _stifle_history
         U _strcat
         U _strcpy
         U _strlen
         U _strncmp
         U _strncpy
00001fc8 d _the_history
000005e0 T _unstifle_history
00000010 T _using_history
00000270 T _where_history
00000820 T _write_history
00001f10 t _xmalloc
00001f40 t _xrealloc
00000000 t gcc_compiled.

infcmd.o:
00002e30 T __initialize_infcmd
         U _add_cmd
         U _add_com
         U _add_com_alias
         U _add_info
         U _atoi
00001d80 t _attach_command
         U _attach_program
         U _bcopy
         U _builtin_type_float
         U _builtin_type_int
         U _clear_proceed_status
         U _concat
00000310 T _cont_command
         U _create_inferior
         U _create_new_frame
00000008 C _current_directory
00000008 C _current_source_line
00000008 C _current_source_symtab
         U _decode_line_spec_1
         U _deletelist
         U _detach
00001f70 t _detach_command
00001a10 t _do_registers_info
         U _do_restore_insn
         U _dont_repeat
         U _environ_vector
00001290 t _environment_info
         U _error
         U _error_no_arg
         U _evaluate_expression
         U _fatal
         U _fflush
         U _find_line_pc
         U _find_pc_function
         U _find_pc_line
         U _find_pc_line_pc_range
         U _find_pc_misc_function
00000e60 t _finish_command
00002090 t _float_info
         U _flush_cached_frames
         U _fputc
         U _fputs_filtered
         U _free
         U _free_environ
         U _get_current_frame
         U _get_exec_file
         U _get_frame_function
         U _get_frame_info
         U _get_frame_saved_regs
         U _get_in_environ
         U _get_prev_frame
         U _have_core_file_p
00000000 T _have_inferior_p
         U _index
000032e0 b _inferior_args
00000008 C _inferior_environ
00000008 C _inferior_io_terminal
00000008 C _inferior_pid
         U _init_environ
00000790 t _jump_command
         U _kill_inferior
         U _make_environ
00000008 C _misc_function_count
00000008 C _misc_function_vector
000003f0 t _next_command
00000430 t _nexti_command
         U _parse_and_eval_address
         U _parse_c_expression
00000008 C _partial_symtab_list
         U _print_selected_frame
         U _print_spaces_filtered
         U _printf
         U _printf_filtered
         U _proceed
00001180 t _program_info
         U _query
         U _read_memory
00001690 T _read_memory_integer
00001870 T _read_pc
         U _read_register
         U _read_relative_register_raw_bytes
         U _record_latest_value
000031c0 D _reg_names
00001be0 t _registers_info
         U _remote_close
         U _remote_debugging
         U _remote_open
000001a0 t _run_command
00000a30 T _run_stack_dummy
         U _savestring
         U _selected_frame
00000030 t _set_args_command
         U _set_current_frame
00001390 t _set_environment_command
         U _set_ignore_count
         U _set_in_environ
         U _set_momentary_breakpoint
         U _setlist
00000970 t _signal_command
000031b0 d _stack_dummy_testing
         U _start_inferior
         U _start_remote
         U _stdioOutFile
000004d0 t _step_1
000003d0 t _step_command
00000008 C _step_frame_address
00000008 C _step_multi
00000008 C _step_over_calls
00000008 C _step_range_end
00000008 C _step_range_start
00000410 t _stepi_command
00000008 C _stop_breakpoint
00000008 C _stop_frame_address
00000008 C _stop_pc
         U _stop_registers
00000008 C _stop_signal
00000008 C _stop_stack_dummy
00000008 C _stop_step
00000008 C _stopped_by_random_signal
         U _strcmp
         U _strlen
00000008 C _symtab_list
         U _sys_errlist
         U _sys_nerr
         U _sys_siglist
         U _terminal_ours
000000b0 T _tty_command
000015c0 t _unset_environment_command
         U _unset_in_environ
         U _until_break_command
00000d40 T _until_command
00000c50 T _until_next_command
         U _using_struct_return
         U _val_print
         U _value_as_long
         U _value_being_returned
         U _value_print
00001890 T _write_pc
         U _write_register
         U _write_register_bytes
00000000 t gcc_compiled.

inflow.o:
         U __exit
00000a20 T __initialize_inflow
         U _add_com
00000008 C _attach_flag
         U _call_ptrace
         U _close
         U _close_exec_file
00000710 T _create_inferior
         U _create_new_frame
00000008 C _current_directory
         U _dup
         U _errno
         U _error
         U _execle
         U _fcntl
         U _fflush
         U _fork
         U _fprintf
         U _getpid
         U _getrlimit
         U _have_core_file_p
00000940 T _inferior_died
         U _inferior_io_terminal
         U _inferior_pid
00000b18 b _inferior_thisrun_terminal
         U _ioctl
000008d0 t _kill_command
         U _kill_inferior
00000b38 b _lmode_inferior
00000b30 b _lmode_ours
00000b48 b _ltc_inferior
00000b40 b _ltc_ours
         U _mark_breakpoints_out
00000600 t _new_tty
         U _open
         U _original_stack_limit
         U _perror_with_name
00000b28 b _pgrp_inferior
00000b20 b _pgrp_ours
         U _printf_filtered
         U _query
         U _read_pc
         U _read_register
         U _remote_debugging
         U _reopen_exec_file
         U _select_frame
         U _set_current_frame
         U _setpgrp
         U _setrlimit
00000b78 b _sg_inferior
00000b70 b _sg_ours
         U _signal
         U _stdioErrFile
         U _sys_errlist
         U _sys_nerr
00000b58 b _tc_inferior
00000b50 b _tc_ours
000004e0 t _term_status_command
00000110 T _terminal_inferior
00000000 T _terminal_init_inferior
00000b10 b _terminal_is_ours
00000220 T _terminal_ours
00000250 t _terminal_ours_1
000001f0 T _terminal_ours_for_output
00000b68 b _tflags_inferior
00000b60 b _tflags_ours
00000000 t gcc_compiled.

infrun.o:
000026c0 T __initialize_infrun
         U _access
         U _add_com
         U _add_info
         U _atoi
         U _attach
00000400 T _attach_program
         U _bcopy
000027b0 d _break_insn
         U _breakpoint_auto_delete
         U _breakpoint_here_p
         U _breakpoint_stop_status
000027c8 b _breakpoints_failed
00002800 b _breakpoints_inserted
         U _clear_breakpoint_commands
00000000 T _clear_proceed_status
         U _create_new_frame
00000008 C _current_directory
00000008 C _current_source_line
00000008 C _current_source_symtab
         U _disable_current_display
         U _do_displays
         U _do_restore_insn
         U _error
         U _error_no_arg
         U _fatal
         U _fetch_inferior_registers
         U _fflush
         U _find_pc_function
         U _find_pc_line
         U _find_pc_partial_function
         U _find_relative_frame
         U _flush_cached_frames
         U _fprintf
         U _get_breakpoint_commands
         U _get_current_frame
         U _get_exec_file
         U _get_frame_info
         U _get_frame_saved_regs
00001b00 t _handle_command
         U _have_inferior_p
         U _inferior_died
         U _inferior_pid
         U _insert_breakpoints
000018f0 t _insert_step_breakpoint
         U _kill_inferior
         U _mark_breakpoints_out
00000008 C _misc_function_count
00000008 C _misc_function_vector
000014b0 t _normal_stop
         U _one_stepped
         U _parse_and_eval_address
00000008 C _partial_symtab_list
00000008 C _pc_changed
         U _print_sel_frame
         U _print_sys_errmsg
         U _printf
         U _printf_filtered
000000b0 T _proceed
         U _query
         U _quit
         U _quit_flag
         U _read_memory
         U _read_memory_integer
         U _read_pc
         U _read_register
         U _read_register_bytes
         U _record_selected_frame
00000008 C _remote_debugging
         U _remote_wait
         U _remove_breakpoints
00001950 t _remove_step_breakpoint
00002330 T _restore_inferior_status
         U _resume
000027c0 b _running_in_shell
00002200 T _save_inferior_status
         U _select_frame
         U _set_breakpoint_commands
         U _set_current_frame
00002828 b _signal_print
00002808 b _signal_program
00002848 b _signal_stop
00001fb0 t _signals_info
         U _single_step
         U _skip_prologue
000002b0 T _start_inferior
000003b0 T _start_remote
         U _stdioErrFile
         U _stdioOutFile
         U _step_frame_address
         U _step_multi
         U _step_over_calls
         U _step_range_end
         U _step_range_start
000027f0 b _step_resume_break_address
000027e0 b _step_resume_break_duplicate
000027e8 b _step_resume_break_shadow
000027f8 b _step_start_function
00000008 C _stop_after_attach
00000008 C _stop_after_trap
         U _stop_breakpoint
         U _stop_frame_address
         U _stop_pc
000027b8 b _stop_print_frame
00000120 C _stop_registers
         U _stop_signal
         U _stop_stack_dummy
         U _stop_step
         U _stopped_by_random_signal
         U _strcmp
         U _strncmp
00000008 C _symtab_list
         U _sys_siglist
         U _terminal_inferior
         U _terminal_init_inferior
         U _terminal_ours
         U _terminal_ours_for_output
000027d8 b _trap_expected
000027d0 b _trap_expected_after_continue
         U _wait
00000520 t _wait_for_inferior
         U _write_memory
         U _write_register
         U _write_register_bytes
00000270 T _writing_pc
00000000 t gcc_compiled.

initialized_all_files.o:
         U __initialize_blockframe
         U __initialize_breakpoint
         U __initialize_command
         U __initialize_copying
         U __initialize_core
         U __initialize_dbxread
         U __initialize_expread
         U __initialize_infcmd
         U __initialize_inflow
         U __initialize_infrun
         U __initialize_kgdbcmd
         U __initialize_printcmd
         U __initialize_source
         U __initialize_stack
         U __initialize_symmisc
         U __initialize_symtab
         U __initialize_utils
         U __initialize_valprint
         U __initialize_values
00000000 T _initialize_all_files
00000000 t gcc_compiled.

keymaps.o:
         U _abort
00000a68 D _emacs_ctlx_keymap
00000668 D _emacs_meta_keymap
00000268 D _emacs_standard_keymap
         U _fprintf
         U _free
         U _malloc
00000240 t _memory_error_and_abort
         U _realloc
         U _rl_abort
         U _rl_backward
         U _rl_backward_kill_line
         U _rl_backward_kill_word
         U _rl_backward_word
         U _rl_beg_of_line
         U _rl_beginning_of_history
         U _rl_call_last_kbd_macro
         U _rl_capitalize_word
         U _rl_clear_screen
         U _rl_complete
00000080 T _rl_copy_keymap
         U _rl_delete
         U _rl_digit_argument
00000130 T _rl_discard_keymap
         U _rl_do_lowercase_version
         U _rl_downcase_word
         U _rl_end_kbd_macro
         U _rl_end_of_history
         U _rl_end_of_line
         U _rl_forward
         U _rl_forward_search_history
         U _rl_forward_word
         U _rl_get_next_history
         U _rl_get_previous_history
         U _rl_insert
         U _rl_kill_line
         U _rl_kill_word
00000000 T _rl_make_bare_keymap
000000d0 T _rl_make_keymap
         U _rl_newline
         U _rl_possible_completions
         U _rl_quoted_insert
         U _rl_re_read_init_file
         U _rl_reverse_search_history
         U _rl_revert_line
         U _rl_rubout
         U _rl_start_kbd_macro
         U _rl_transpose_chars
         U _rl_transpose_words
         U _rl_undo_command
         U _rl_unix_line_discard
         U _rl_unix_word_rubout
         U _rl_upcase_word
         U _rl_vi_editing_mode
         U _rl_yank
         U _rl_yank_nth_arg
         U _rl_yank_pop
         U _stdioErrFile
000001b0 t _xmalloc
000001e0 t _xrealloc
00000000 t gcc_compiled.

kgdbcmd.o:
00000690 T __initialize_kgdbcmd
         U _add_com
00000030 t _attach_command
         U _concat
00000008 C _current_directory
00000008 C _current_source_line
00000008 C _current_source_symtab
000002f0 t _debug_command
00000110 t _detach_command
         U _dont_repeat
         U _error
         U _error_no_arg
         U _evaluate_expression
         U _exec_data_end
         U _exec_data_start
         U _fflush
         U _get_exec_file
         U _inferior_pid
00000008 C _misc_function_count
00000008 C _misc_function_vector
         U _parse_c_expression
00000008 C _partial_symtab_list
00000230 t _pid_command
         U _printf
000001a0 t _reboot_command
         U _remote_attach
         U _remote_debugging
         U _remote_detach
         U _remote_open
         U _remote_reboot
         U _remote_version
         U _start_remote
         U _stdioOutFile
00000008 C _symtab_list
         U _system
00000370 t _text_command
         U _text_end
         U _text_start
         U _value_as_long
000002a0 t _version_command
00000000 t gcc_compiled.

main.o:
         U _access
         U _add_alias_cmd
         U _add_cmd
00001eb0 T _add_com
00001ee0 T _add_com_alias
         U _add_history
00001dd0 T _add_info
00001e00 T _add_info_alias
         U _add_prefix_cmd
         U _atoi
         U _bcmp
         U _bcopy
         U _bzero
00000050 T _catch_errors
000028e0 t _cd_command
         U _chdir
         U _clear_breakpoint_commands
         U _clear_momentary_breakpoints
         U _clearerr
00000008 C _cmdlist
00004910 b _command_editing_p
000017b0 T _command_line_input
00001160 T _command_loop
         U _complete_on_cmdlist
         U _concat
         U _core_file_command
00000008 C _current_directory
00002110 t _define_command
00000008 C _deletelist
00004920 b _dirbuf
         U _directory_command
         U _disable_current_display
00000008 C _disablelist
         U _discard_cleanups
000000f0 t _disconnect
         U _do_breakpoint_commands
         U _do_cleanups
00001150 t _do_nothing
000022d0 t _document_command
000012a0 T _dont_repeat
00002c60 t _dump_me_command
00002bc0 t _echo_command
00002fc0 t _editing_info
00000008 C _enablebreaklist
00000008 C _enablelist
         U _error
00001f20 T _error_no_arg
         U _exec_file_command
00000fe0 T _execute_command
         U _exit
         U _fclose
         U _fflush
         U _fgetc
         U _fileno
000035e0 t _float_handler
         U _fopen
         U _fprintf
         U _fputc
         U _fputs
         U _frame_file_full_name
         U _free
         U _free_all_values
00001d90 T _free_command_lines
000048a0 D _gdb_completer_word_break_characters
000012e0 T _gdb_readline
         U _getenv
         U _getpid
         U _getrlimit
         U _getwd
         U _have_inferior_p
         U _help_cmd
00001f40 t _help_command
         U _help_list
         U _history_base
         U _history_expand
00004908 b _history_expansion_p
000048f0 b _history_filename
         U _history_get
000048f8 b _history_size
         U _immediate_quit
000048e8 b _index.1
00001e70 t _info_command
00000008 C _info_verbose
00000008 C _infolist
00004890 D _inhibit_windows
         U _init_source_path
         U _initialize_all_files
00003600 t _initialize_cmd_lists
000042b0 t _initialize_main
00001740 T _initialize_signals
00002790 T _input_from_terminal_p
00000008 C _instream
         U _isatty
         U _kill
         U _kill_inferior
         U _kill_inferior_fast
00000008 C _line
000048c0 d _linebuffer.2
000048d0 d _linelength.3
00000008 C _linesize
000048b0 d _list.0
         U _longjmp
         U _lookup_cmd
         U _lookup_cmd_1
00000670 T _main
         U _make_cleanup
         U _make_symbol_completion_list
000048e0 d _num.4
00000008 C _original_stack_limit
00000008 C _pagesize
         U _parse_and_eval_address
00002ce0 T _parse_binary_operation
         U _parse_escape
         U _perror_with_name
00002520 t _print_gdb_version
00002570 T _print_prompt
         U _printf
         U _printf_filtered
00004918 b _prompt
00002830 t _pwd_command
         U _query
000026f0 t _quit_command
         U _quit_flag
00001c20 T _read_command_lines
         U _read_history
         U _readline
         U _reinitialize_more_filter
         U _request_quit
         U _restore_cleanups
00000000 T _return_to_top_level
         U _rl_completer_word_break_characters
         U _rl_completion_entry_function
         U _rl_line_buffer
         U _rl_point
         U _save_cleanups
         U _savestring
00002e50 t _set_editing
00003350 t _set_history
00003290 t _set_history_expansion
000033f0 t _set_history_filename
000033a0 t _set_history_size
000032d0 t _set_history_write
000025c0 t _set_prompt_command
000034d0 t _set_verbose_command
00000008 C _sethistlist
         U _setjmp
00000008 C _setlist
         U _setrlimit
         U _signal
         U _sigsetmask
00000120 t _source_cleanup
00002b30 t _source_command
         U _stat
         U _stdioErrFile
         U _stdioInFile
         U _stdioOutFile
         U _stifle_history
000016d0 t _stop_sig
         U _strcat
         U _strcmp
         U _strcpy
         U _strlen
         U _strncmp
         U _strncpy
00001420 T _symbol_completion_function
         U _symbol_file_command
         U _tilde_expand
00000040 C _to_top_level
         U _tty_command
00000008 C _unsethistlist
00001fa0 t _validate_comname
00003550 t _verbose_info
         U _version
00002540 t _version_info
00000008 C _window_hook
         U _write_history
00004900 b _write_history_p
00000008 C _xgdb_verbose
         U _xmalloc
         U _xrealloc
00000000 t gcc_compiled.

obstack.o:
00000008 C __obstack
00000140 T __obstack_allocated_p
00000000 T __obstack_begin
00000240 T __obstack_free
00000090 T __obstack_newchunk
         U _abort
000001a0 T _obstack_free
00000000 t gcc_compiled.

pinsn.o:
00000e40 t _compare_opcodes
00000008 C _current_directory
00000008 C _current_source_line
00000008 C _current_source_symtab
         U _fprintf
         U _fprintf_filtered
         U _fputs_filtered
         U _index
000005e0 t _is_delayed_branch
00000008 C _misc_function_count
00000008 C _misc_function_vector
000036d8 d _opcodes_sorted
00000008 C _partial_symtab_list
         U _print_address
000006c0 T _print_insn
         U _qsort
         U _read_memory
         U _reg_names
00001048 d _sparc_opcodes
         U _stdioErrFile
         U _strlen
00000008 C _symtab_list
00000000 t gcc_compiled.

printcmd.o:
00004360 T __initialize_printcmd
         U _abort
         U _access_value_history
         U _add_cmd
         U _add_com
         U _add_com_alias
         U _add_info
         U _add_prefix_cmd
00001050 t _address_info
         U _atoi
         U _builtin_type_char
         U _builtin_type_double
         U _builtin_type_float
         U _builtin_type_int
         U _builtin_type_long
         U _builtin_type_short
00001990 T _clear_displays
         U _cmdlist
000023d0 t _compare_ints
         U _concat
         U _contained_in
00002d80 t _containing_function_bounds
00000008 C _current_directory
00000008 C _current_display_number
00000008 C _current_source_line
00000008 C _current_source_symtab
00000000 T _decode_format
000019f0 T _delete_display
         U _deletelist
00001ee0 T _disable_current_display
00001e50 T _disable_display
00002280 T _disable_display_command
         U _disablelist
00002ec0 t _disassemble_command
00004608 b _display_chain
00001800 t _display_command
00001fe0 t _display_info
00004600 b _display_number
         U _do_cleanups
00001e00 T _do_displays
00000950 t _do_examine
00001c40 t _do_one_display
         U _dont_repeat
00002110 T _enable_display
         U _enablelist
         U _error
         U _error_no_arg
         U _evaluate_expression
         U _evaluate_type
         U _fflush
         U _find_pc_partial_function
         U _fprintf
         U _fprintf_filtered
         U _fputs_filtered
         U _free
         U _free_current_contents
00001970 t _free_display
         U _get_current_block
         U _get_frame_pc
         U _get_selected_block
         U _have_core_file_p
         U _have_inferior_p
         U _index
         U _innermost_block
         U _is_nan
00004618 b _last_examine_address
00004610 b _last_examine_value
000045f8 d _last_format
000045f9 d _last_size
         U _lookup_enum
         U _lookup_internalvar
         U _lookup_struct
         U _lookup_symbol
         U _lookup_typename
         U _lookup_union
         U _make_cleanup
00000008 C _misc_function_count
00000008 C _misc_function_vector
00004620 b _next_address
00000db0 t _output_command
         U _parse_and_eval_address
         U _parse_c_expression
         U _parse_to_comma_and_eval
00000008 C _partial_symtab_list
000008c0 T _print_address
00000c80 t _print_command
         U _print_expression
000002c0 t _print_formatted
000023f0 T _print_frame_args
00002650 t _print_frame_nameless_args
         U _print_insn
000004c0 T _print_scalar_formatted
000023a0 T _print_variable_value
         U _printf
000027f0 t _printf_command
         U _printf_filtered
00001570 t _ptype_command
         U _query
         U _quit
         U _quit_flag
         U _read_memory
         U _read_memory_integer
         U _read_var_value
         U _record_latest_value
         U _reg_names
         U _selected_frame
00000e60 t _set_command
         U _set_internalvar
00000860 T _set_next_address
         U _setlist
         U _stdioErrFile
         U _stdioOutFile
         U _strcmp
         U _strlen
         U _strncmp
00000008 C _symtab_list
         U _type_print
00001b00 t _undisplay_command
         U _unpack_double
         U _unpack_long
00000be0 t _validate_format
         U _value_addr
         U _value_as_double
         U _value_as_long
         U _value_at
         U _value_from_long
         U _value_from_register
         U _value_of_variable
         U _value_print
         U _vprintf
00001460 t _whatis_command
000012a0 t _x_command
         U _xmalloc
         U _xrealloc
00000000 t gcc_compiled.

ptrace.o:
         U _errno
00000000 T _ptrace
00000000 t gcc_compiled.

readline.o:
         U .div
         U .mul
         U .rem
00000008 C _BC
00000008 C _PC
00000008 C _UP
         U _abort
00000d70 t _add_macro_char
00008218 D _allow_pathname_alphabetic_chars
00002ef0 T _alphabetic
00007f28 d _arg_sign
00002a20 T _backspace
         U _bcopy
00002ba0 T _clear_to_eol
         U _closedir
00000000 t _compare_strings
00008348 D _completion_case_fold
00006440 T _completion_matches
00002b10 T _crlf
         U _current_history
00008038 d _current_macro
00008058 d _current_macro_index
00008048 d _current_macro_size
00008028 d _defining_kbd_macro
000027f0 t _delete_chars
00002fc0 T _ding
00008468 b _directory.3
00008368 d _dirname.5
000082d8 D _doing_an_undo
000081d8 D _dumb_term
         U _emacs_standard_keymap
000029d0 t _end_insert
         U _endpwent
00008458 b _entry.1
00007fb8 d _eof_char
         U _errno
00008008 d _executing_macro
00008018 d _executing_macro_index
         U _fclose
         U _fcntl
         U _fflush
         U _fgetc
00008358 d _filename.4
00006690 T _filename_completion_function
00008470 b _filename_len.7
         U _fileno
         U _fopen
00008178 D _forced_display
         U _fprintf
         U _fputc
         U _free
00005420 T _free_history_entry
000050f0 T _free_undo_list
         U _funmap
         U _fwrite
00004300 T _get_y_or_n
         U _getenv
         U _getpid
         U _getpwent
         U _getpwnam
00007ac0 T _glean_key_from_name
00007280 t _handle_parser_directive
         U _history_arg_extract
         U _history_list
000081a8 D _horizontal_scroll_mode
00008490 b _ibuffer
000080e8 d _ibuffer_len
00000640 T _ibuffer_space
000083a8 d _if_stack
000083b8 d _if_stack_depth
000083c8 d _if_stack_size
000086b0 b _in_stream
00002400 T _init_terminal_io
00008158 d _invisible_line
         U _ioctl
00007ed8 D _keymap
         U _kill
00008118 D _last_c_pos
00007ef8 d _last_command_was_kill
00008138 d _last_lmargin
00008388 d _last_readline_init_file
00008128 D _last_v_pos
00008198 d _line_size
00008208 d _local_mode_flags
         U _longjmp
00008068 D _macro_list
         U _malloc
00005460 T _maybe_replace_line
00005550 T _maybe_save_line
000054d0 T _maybe_unsave_line
00007ea0 t _memory_error_and_abort
00001f70 t _move_cursor_relative
000020d0 T _move_vert
00000080 C _msg_buf
000083f8 D _name_key_alist
00008460 b _namelen.2
         U _next_history
00000c40 t _next_macro_key
00002f80 T _numeric
000080b8 d _old_cont
00008078 d _old_int
00007ec8 d _old_sigwinch
00008088 d _old_tstp
000080a8 d _old_ttin
00008098 d _old_ttou
         U _opendir
00008480 b _original_ltchars
00008488 b _original_tchars
000081f8 d _original_tty_flags
000086a8 b _out_stream
00002750 t _output_character_function
000027c0 t _output_some_chars
000083d8 d _parser_directives
000071f0 T _parser_else
00007230 T _parser_endif
000070b0 T _parser_if
000080fc d _parsing_conditionalized_out
00008228 D _pathname_alphabetic_chars
00000cf0 t _pop_executing_macro
000080c8 d _pop_index
         U _possible_control_prefixes
         U _possible_meta_prefixes
         U _previous_history
         U _printf
00000cb0 t _push_executing_macro
000080d8 d _push_index
         U _qsort
         U _read
         U _readdir
00000020 T _readline
000010e0 T _readline_default_bindings
00007f88 D _readline_echoing_p
00001040 T _readline_initialize_everything
000000b0 T _readline_internal
000086b8 b _readline_top_level
         U _realloc
         U _replace_history_entry
         U _rindex
00003010 T _rl_abort
000069a0 T _rl_add_defun
         U _rl_add_funmap_entry
000050b0 T _rl_add_undo
00008248 D _rl_attempted_completion_function
000033b0 T _rl_backward
00006150 T _rl_backward_kill_line
00006090 T _rl_backward_kill_word
00003590 T _rl_backward_word
00008268 D _rl_basic_word_break_characters
00003420 T _rl_beg_of_line
00005280 T _rl_begin_undo_group
000055c0 T _rl_beginning_of_history
000069e0 T _rl_bind_key
00006a60 T _rl_bind_key_in_map
00000f10 T _rl_call_last_kbd_macro
00003e10 T _rl_capitalize_word
00003e30 T _rl_change_case
000022f0 T _rl_character_len
000039e0 T _rl_clean_up_for_exit
00002390 T _rl_clear_message
000036f0 T _rl_clear_screen
00000580 T _rl_clear_signals
000042a0 T _rl_complete
000043e0 T _rl_complete_internal
00008278 D _rl_completer_word_break_characters
00008238 D _rl_completion_entry_function
00008258 D _rl_completion_query_items
00003080 T _rl_copy
00003bc0 T _rl_delete
00003280 T _rl_delete_text
00002e30 t _rl_deprep_terminal
00001230 T _rl_digit_argument
000012e0 T _rl_digit_loop
00001250 T _rl_discard_argument
00000a20 T _rl_dispatch
00008108 D _rl_display_fixed
00008188 D _rl_display_prompt
00005830 T _rl_display_search
00003a30 T _rl_do_lowercase_version
00005150 T _rl_do_undo
00000008 C _rl_done
00003df0 T _rl_downcase_word
00007ee8 D _rl_editing_mode
00006410 T _rl_emacs_editing_mode
00000008 C _rl_end
00000ea0 T _rl_end_kbd_macro
000055e0 T _rl_end_of_history
00003440 T _rl_end_of_line
000052a0 T _rl_end_undo_group
000080f8 D _rl_event_hook
00005de0 T _rl_execute_next
00007f18 D _rl_explicit_arg
000082a8 D _rl_filename_completion_desired
00001f10 T _rl_forced_update_display
00003330 T _rl_forward
000057f0 T _rl_forward_search_history
00003460 T _rl_forward_word
00000780 T _rl_gather_tyi
00006b60 T _rl_generic_bind
00000690 T _rl_get_char
00005610 T _rl_get_next_history
000056d0 T _rl_get_previous_history
00007dc0 T _rl_getc
00000370 t _rl_handle_sigwinch
00008298 D _rl_ignore_completion_duplicates
00001280 T _rl_init_argument
00000f80 T _rl_initialize
         U _rl_initialize_funmap
00007f38 d _rl_initialized
00003760 T _rl_insert
000030e0 T _rl_insert_text
00007f68 D _rl_instream
00007f98 D _rl_key_sequence_length
00008328 D _rl_kill_index
000060f0 T _rl_kill_line
00008318 D _rl_kill_ring
00008338 D _rl_kill_ring_length
00005e10 T _rl_kill_text
00006030 T _rl_kill_word
00007f58 D _rl_last_func
00007fe8 D _rl_line_buffer
00007ff8 d _rl_line_buffer_len
00006af0 T _rl_macro_bind
         U _rl_make_bare_keymap
00000008 C _rl_mark
00008308 D _rl_max_kills
00002350 T _rl_message
000052c0 T _rl_modifying
00006eb0 T _rl_named_function
00003980 T _rl_newline
00007f08 D _rl_numeric_arg
00001ec0 T _rl_on_new_line
00007f78 D _rl_outstream
000073f0 T _rl_parse_and_bind
00007fc8 D _rl_pending_input
00000008 C _rl_point
000042e0 T _rl_possible_completions
00002c70 t _rl_prep_terminal
00000008 C _rl_prompt
00003930 T _rl_quoted_insert
00006f40 T _rl_re_read_init_file
00006f60 T _rl_read_init_file
000008c0 T _rl_read_key
00008398 D _rl_readline_name
00001440 T _rl_redisplay
000036a0 T _rl_refresh_line
000023b0 T _rl_reset_terminal
00004270 T _rl_restart_output
000057d0 T _rl_reverse_search_history
00005340 T _rl_revert_line
00003a40 T _rl_rubout
00005900 T _rl_search_history
00006ad0 T _rl_set_key
00005e00 T _rl_set_retained_kills
000004e0 T _rl_set_signals
00002230 T _rl_show_char
00000420 t _rl_signal_handler
00008288 D _rl_special_prefixes
00000e10 T _rl_start_kbd_macro
00007fa8 D _rl_startup_hook
000005d0 T _rl_stuff_char
00003960 T _rl_tab_insert
00007fd8 D _rl_terminal_name
000082c8 D _rl_tilde_expander
00006cf0 T _rl_translate_keyseq
00004150 T _rl_transpose_chars
00004040 T _rl_transpose_words
00006a90 T _rl_unbind_key
00006ab0 T _rl_unbind_key_in_map
00005390 T _rl_undo_command
000082e8 D _rl_undo_list
00000710 T _rl_unget_char
000012b0 T _rl_universal_argument
00003d80 T _rl_unix_line_discard
00003c60 T _rl_unix_word_rubout
00003dd0 T _rl_upcase_word
00007990 T _rl_variable_bind
00006400 T _rl_vi_editing_mode
000061c0 T _rl_yank
00006340 T _rl_yank_nth_arg
00006210 T _rl_yank_pop
000057c0 T _rl_yank_previous_last_arg
00007f48 d _running_in_emacs
000082f8 D _saved_line_for_history
00000008 C _screenheight
00000008 C _screenwidth
         U _setjmp
         U _setpwent
         U _signal
         U _sigsetmask
         U _sprintf
000028b0 t _start_insert
000053e0 T _start_using_history
         U _stat
         U _stdioErrFile
         U _stdioInFile
         U _stdioOutFile
         U _strcat
         U _strcmp
         U _strcpy
00007c50 t _stricmp
00007d40 t _strindex
         U _strlen
         U _strncmp
         U _strncpy
00007b90 t _strnicmp
00007b40 t _substring_member_of_array
00000008 C _term_DC
00000008 C _term_IC
00000008 C _term_backspace
000081b8 d _term_buffer
00000008 C _term_clreol
00000008 C _term_clrpag
00000008 C _term_cr
00000008 C _term_dc
00000008 C _term_ei
00000008 C _term_forward_char
00000008 C _term_goto
00000008 C _term_ic
00000008 C _term_im
00000008 C _term_ip
000081c8 d _term_string_buffer
00000008 C _term_up
000081e8 D _terminal_can_insert
         U _tgetent
         U _tgetnum
         U _tgetstr
         U _tgoto
000086a0 b _the_line
00008478 b _the_ttybuff
00004e50 T _tilde_expand
         U _tputs
00001b20 t _update_line
000082b8 d _username.0
00004d20 T _username_completion_function
00008378 d _users_dirname.6
         U _using_history
00008168 D _vis_botlin
00008148 d _visible_line
         U _where_history
00000c10 t _with_macro_input
00007e10 t _xmalloc
00008690 b _xoff_state
00008698 b _xon_char
00007e40 t _xrealloc
00000000 t gcc_compiled.

remote.o:
         U .div
         U .rem
00001670 t _BlockInCache
00000d40 t _CreateSocket
000016f0 t _FetchBlock
00001860 T _Kdbx_Trace
00001160 t _RecvReply
00000290 t _Regnum_to_index
00000ea0 t _SendRequest
00000e30 t _StartDebugger
00001640 t _WaitForKernel
         U _abort
         U _bcopy
000020f4 d _break_insn.1
         U _bzero
00002110 d _cacheBlockShift
00002100 d _cacheBlockSize
000069f8 b _cacheInfo
00002120 d _cacheSize
00000be0 T _call_remote_function
         U _connect
00002130 d _currentVersion
00000008 C _current_directory
00006a00 b _dataCache
         U _error
         U _fflush
         U _fprintf
         U _free
         U _gethostbyname
00000008 C _hostName
00000008 C _icache
         U _immediate_quit
         U _inferior_pid
00001f30 d _initialized
00002160 d _kdbxTimeout
00002140 d _kernChannel
00000008 C _kiodebug
000020f0 d _lastPid
         U _malloc
00006988 b _msg
00002150 d _msgNum
00006980 b _msgSize
00002568 b _netSocket
         U _perror_with_name
         U _printf
         U _quit
         U _quit_flag
         U _read
         U _read_pc
         U _read_register
00002570 b _remote
00000750 T _remote_attach
00001e60 T _remote_clean_up
00001e50 T _remote_close
         U _remote_debugging
00000008 C _remote_desc
000007c0 T _remote_detach
000006b0 T _remote_fetch_registers
00000830 T _remote_fetch_word
00000420 T _remote_load
00000360 T _remote_open
000009b0 T _remote_read_bytes
00000a00 T _remote_read_inferior_memory
00000c60 T _remote_reboot
00000450 T _remote_resume
00000ac0 T _remote_store_registers
000008b0 T _remote_store_word
000003d0 T _remote_version
00000540 T _remote_wait
00000930 T _remote_write_bytes
00000a60 T _remote_write_inferior_memory
00002980 b _replyBuffer
00002580 b _requestBuffer
         U _savestring
         U _select
00001f40 D _sig_mapping
         U _socket
         U _start_remote
         U _stdioErrFile
         U _stdioOutFile
00000008 C _step_addr
00000008 C _step_addr_contents
         U _strlen
         U _strncpy
00001ea0 D _sys_siglist
         U _text_end
         U _text_start
00002168 b _version.0
         U _write
00000000 t gcc_compiled.

source.o:
00002560 T __initialize_source
         U _add_com
         U _add_com_alias
         U _add_info
00000fc0 t _ambiguous_line_spec
         U _clearerr
         U _close
         U _concat
00000008 C _current_directory
00000008 C _current_source_line
00000008 C _current_source_symtab
         U _decode_line_1
         U _decode_line_spec
         U _decode_line_spec_1
00000260 t _directories_info
00000360 T _directory_command
         U _dont_repeat
         U _errno
         U _error
         U _exec_mtime
         U _fatal
         U _fclose
         U _fdopen
         U _fgetc
         U _find_line_pc_range
         U _find_pc_function
00000940 t _find_source_lines
00002650 b _first_line_listed
00001a20 t _forward_search_command
         U _free
         U _fseek
         U _fstat
         U _get_current_frame
         U _get_exec_file
00000b90 T _get_filename_and_charpos
         U _get_frame_pc
00000c60 T _identify_source_line
         U _index
00000280 T _init_source_path
00002658 b _last_line_listed
00001840 t _line_info
00001190 t _list_command
         U _lookup_symbol
         U _lseek
         U _make_cleanup
00000008 C _misc_function_count
00000008 C _misc_function_vector
         U _myread
         U _open
00000700 T _openp
00000008 C _partial_symtab_list
         U _perror_with_name
00000d80 T _print_source_lines
         U _print_sys_errmsg
         U _printf
         U _printf_filtered
         U _psymtab_to_symtab
         U _query
         U _re_comp
         U _re_exec
00001c40 t _reverse_search_command
         U _savestring
00000050 T _select_source_symtab
         U _set_next_address
00000b00 T _source_charpos_line
00000a90 T _source_line_charpos
00002660 b _source_path
         U _stat
         U _strcat
         U _strcmp
         U _strlen
         U _strncmp
         U _strncpy
00000008 C _symtab_list
         U _tilde_expand
         U _xmalloc
         U _xrealloc
00000000 t gcc_compiled.

stack.o:
00001db0 T __initialize_stack
         U _add_com
         U _add_com_alias
         U _add_info
         U _add_info_alias
00001040 t _args_info
00000bc0 t _backtrace_command
         U _create_new_frame
00000008 C _current_directory
00000008 C _current_source_line
00000008 C _current_source_symtab
         U _do_cleanups
         U _do_restore_insn
00001480 t _down_command
         U _error
         U _fatal
         U _fflush
         U _find_pc_function
         U _find_pc_line
         U _find_pc_misc_function
         U _find_pc_partial_function
         U _find_pc_psymtab
         U _find_pc_symtab
00001180 T _find_relative_frame
         U _flush_cached_frames
         U _fprintf_filtered
         U _fputs_filtered
00001f78 b _frame_changed
00001260 t _frame_command
00001f70 D _frame_file_full_name
00000850 t _frame_info
         U _frame_saved_pc
         U _free
         U _get_current_block
         U _get_current_frame
         U _get_frame_block
         U _get_frame_function
         U _get_frame_info
         U _get_frame_saved_regs
         U _get_prev_frame
00001110 T _get_selected_block
         U _have_core_file_p
         U _have_inferior_p
         U _identify_source_line
00000eb0 t _locals_info
         U _make_cleanup
00000008 C _misc_function_count
00000008 C _misc_function_vector
         U _parse_and_eval
         U _parse_and_eval_address
000004e0 t _parse_frame_specification
00000008 C _partial_symtab_list
00000cf0 t _print_block_frame_locals
00000f20 t _print_frame_arg_vars
         U _print_frame_args
00000070 T _print_frame_info
00000df0 t _print_frame_local_vars
00000410 T _print_sel_frame
00000450 T _print_selected_frame
         U _print_source_lines
00000000 t _print_stack_frame
         U _print_variable_value
         U _printf
         U _printf_filtered
         U _query
         U _quit
         U _quit_flag
         U _read_memory
         U _read_memory_integer
         U _read_pc
         U _read_register
000010e0 T _record_selected_frame
         U _reg_names
00001590 t _return_command
         U _savestring
000010a0 T _select_frame
00000008 C _selected_frame
00000008 C _selected_frame_level
         U _set_current_frame
         U _set_default_breakpoint
         U _set_return_value
         U _setup_arbitrary_frame
         U _stdioOutFile
00000008 C _symtab_list
00001360 t _up_command
         U _write_register
         U _write_register_bytes
00000000 t gcc_compiled.

symmisc.o:
000012b0 T __initialize_symmisc
         U __obstack_begin
         U _add_com
         U _bcopy
000011c0 t _block_depth
00001300 b _bss_relocation
000012f0 b _bss_start
         U _bzero
         U _clear_breakpoints
         U _clear_displays
         U _clear_internalvars
         U _clear_value_history
00000008 C _current_directory
00000008 C _current_source_line
00000008 C _current_source_symtab
00001308 b _data_relocation
000012f8 b _data_start
         U _do_cleanups
         U _error
         U _error_no_arg
         U _fclose
         U _fopen
         U _fprintf
         U _fputc
         U _free
000011f0 T _free_all_psymtabs
00000000 T _free_all_symtabs
00000170 t _free_symtab
00000110 t _free_symtab_block
         U _immediate_quit
         U _make_cleanup
00000008 C _misc_function_count
00000008 C _misc_function_vector
         U _myread
         U _obstack_free
00000008 C _partial_symtab_list
         U _perror_with_name
         U _print_spaces
00000ec0 t _print_symbol
00000b40 T _print_symtabs
         U _psymbol_obstack
000009b0 T _read_symsegs
00000440 t _relocate_block
000003a0 t _relocate_blockvector
00000910 t _relocate_source
00000870 t _relocate_sourcevector
00000550 t _relocate_symbol
00000240 t _relocate_symtab
00000740 t _relocate_type
000006a0 t _relocate_typevector
00001318 b _relocation
         U _set_default_breakpoint
         U _symbol_obstack
00000008 C _symtab_list
00001310 b _text_relocation
         U _tilde_expand
         U _type_print_1
         U _xmalloc
00000000 t gcc_compiled.

symtab.o:
         U .mul
         U ___eprintf
000046c0 T __initialize_symtab
         U __obstack_begin
         U __obstack_newchunk
         U _abort
         U _add_info
         U _atoi
         U _bcopy
00000008 C _block_found
00001eb0 T _block_function
00000008 C _builtin_type_char
00000008 C _builtin_type_double
00000008 C _builtin_type_float
00000008 C _builtin_type_int
00000008 C _builtin_type_long
00000008 C _builtin_type_short
00000008 C _builtin_type_unsigned_char
00000008 C _builtin_type_unsigned_int
00000008 C _builtin_type_unsigned_long
00000008 C _builtin_type_unsigned_short
00000008 C _builtin_type_void
         U _bzero
         U _check_field
00004918 d _classnames.1
00004908 d _column.0
         U _command_line_input
00003f10 t _compare_symbols
00004090 T _completion_list_add_symbol
00004020 T _contained_in
000011d0 T _create_array_type
00000008 C _current_directory
00000008 C _current_source_line
00000008 C _current_source_symtab
00002530 T _decode_line_1
000032e0 T _decode_line_2
00003180 T _decode_line_spec
         U _destructor_name_p
         U _error
         U _error_no_arg
         U _fatal
         U _fflush
00002340 t _find_line_common
00002210 T _find_line_pc
00002270 T _find_line_pc_range
00001ff0 T _find_pc_line
00002400 T _find_pc_line_pc_range
000015f0 T _find_pc_psymbol
00001590 T _find_pc_psymtab
00001f30 T _find_pc_symtab
         U _fprintf
         U _free
00003ed0 t _functions_info
         U _get_selected_block
         U _getenv
         U _global_psymbols
         U _index
00003fb0 t _init_type
00003990 t _list_symbols
00000f10 T _lookup_basetype_type
00001cc0 t _lookup_block_symbol
00000760 T _lookup_enum
000010c0 T _lookup_function_type
00000ba0 T _lookup_member_type
00000d00 T _lookup_method_type
00003600 t _lookup_misc_func
00001ae0 t _lookup_partial_symbol
00000290 T _lookup_partial_symtab
00000960 T _lookup_pointer_type
00000a80 T _lookup_reference_type
000005e0 T _lookup_struct
00000810 T _lookup_struct_elt_type
00001780 T _lookup_symbol
00000200 T _lookup_symtab
00000040 t _lookup_symtab_1
00000320 T _lookup_typename
000006a0 T _lookup_union
000004c0 T _lookup_unsigned_typename
00004140 T _make_symbol_completion_list
         U _malloc
00000008 C _misc_function_count
00000008 C _misc_function_vector
00000028 C _obstack1
00000028 C _obstack2
00003680 t _output_source_filename
         U _parse_and_eval_address_1
00000008 C _partial_symtab_list
         U _printf
         U _printf_filtered
000048f8 D _psymbol_obstack
         U _psymtab_to_symtab
         U _qsort
         U _quit
         U _quit_flag
         U _re_comp
         U _re_exec
         U _return_to_top_level
00000008 C _return_val
00000008 C _return_val_index
00000008 C _return_val_size
         U _select_source_symtab
         U _skip_prologue
00001500 T _smash_to_function_type
000013e0 T _smash_to_member_type
00001420 T _smash_to_method_type
00001350 T _smash_to_pointer_type
00001470 T _smash_to_reference_type
00003f80 t _sort_block_syms
00003810 t _sources_info
         U _static_psymbols
         U _stdioErrFile
         U _stdioOutFile
         U _strcat
         U _strcmp
         U _strcpy
         U _strlen
         U _strncmp
000048e8 D _symbol_obstack
00000008 C _symtab_list
         U _terminal_ours
         U _type_print
00003ef0 t _types_info
         U _value_of_this
00003eb0 t _variables_info
         U _xmalloc
         U _xrealloc
00000000 t gcc_compiled.

utils.o:
00001460 T __initialize_utils
         U _add_cmd
         U _add_info
         U _atoi
         U _bcopy
00001578 b _chars_per_line
00001570 b _chars_printed
00001590 b _cleanup_chain
         U _clearerr
00000530 T _concat
00000008 C _current_directory
00000080 T _discard_cleanups
00000030 T _do_cleanups
         U _errno
000003c0 T _error
         U _error_no_arg
         U _exit
00000420 T _fatal
00000490 T _fatal_dump_core
         U _fflush
         U _fgetc
         U _fileno
         U _fprintf
000011c0 T _fprintf_filtered
         U _fputc
         U _fputs
00000f50 T _fputs_filtered
         U _free
00000100 T _free_current_contents
         U _gdb_readline
         U _getenv
         U _getpid
00000008 C _immediate_quit
         U _input_from_terminal_p
         U _ioctl
         U _isatty
00000008 C _isatty_stdout
         U _kill
00001568 b _line_size.1
00001560 d _linebuffer.0
00001588 b _lines_per_page
00001580 b _lines_printed
00000000 T _make_cleanup
         U _malloc
000006f0 T _parse_escape
000001c0 T _perror_with_name
000005a0 T _print_spaces
000012f0 T _print_spaces_filtered
00000280 T _print_sys_errmsg
00000a60 T _printchar
         U _printf
000012b0 T _printf_filtered
00000dc0 t _prompt_for_continue
00000600 T _query
00000340 T _quit
00000008 C _quit_flag
         U _realloc
00000e10 T _reinitialize_more_filter
00000380 T _request_quit
000000e0 T _restore_cleanups
         U _return_to_top_level
000000c0 T _save_cleanups
00000500 T _savestring
00000ee0 t _screensize_info
00000c30 t _set_screensize_command
         U _setlist
         U _signal
         U _sprintf
         U _stdioErrFile
         U _stdioInFile
         U _stdioOutFile
         U _strcat
         U _strcpy
         U _strlen
         U _sys_errlist
         U _sys_nerr
         U _terminal_ours
         U _tgetent
         U _tgetnum
00000130 T _xmalloc
00000170 T _xrealloc
00000000 t gcc_compiled.

valarith.o:
         U .div
         U .mul
         U .rem
         U .udiv
         U .urem
         U _allocate_value
00000590 T _binop_user_defined_p
         U _builtin_type_double
         U _builtin_type_long
         U _builtin_type_unsigned_int
         U _builtin_type_unsigned_long
         U _call_function
00000008 C _current_directory
00000008 C _current_source_line
00000008 C _current_source_symtab
         U _error
00000008 C _misc_function_count
00000008 C _misc_function_vector
00000008 C _partial_symtab_list
         U _strcpy
00000008 C _symtab_list
00000640 T _unop_user_defined_p
00000000 T _value_add
         U _value_addr
         U _value_as_double
         U _value_as_long
00000eb0 T _value_binop
         U _value_cast
         U _value_coerce_array
00001560 T _value_equal
         U _value_from_double
         U _value_from_long
         U _value_ind
00001820 T _value_less
00001bb0 T _value_lognot
00001a90 T _value_neg
         U _value_struct_elt
000001f0 T _value_sub
000003e0 T _value_subscript
00000460 T _value_subscripted_rvalue
00000770 T _value_x_binop
00000c50 T _value_x_unop
00001450 T _value_zerop
00000000 t gcc_compiled.

valops.o:
         U .div
         U .mul
         U .rem
         U _allocate_repeat_value
         U _allocate_value
         U _bcopy
         U _builtin_type_char
         U _builtin_type_double
         U _builtin_type_float
         U _builtin_type_int
         U _builtin_type_long
         U _builtin_type_unsigned_int
         U _bzero
00000e20 T _call_function
         U _call_remote_function
00001c00 T _check_field
00000008 C _current_directory
00000008 C _current_source_line
00000008 C _current_source_symtab
00001b10 T _destructor_name_p
         U _do_cleanups
000024b0 d _dummy.0
         U _error
         U _find_saved_register
         U _get_current_frame
         U _get_frame_function
         U _get_prev_frame
         U _have_inferior_p
         U _locate_var_value
         U _lookup_member_type
         U _lookup_pointer_type
         U _lookup_symbol
00000008 C _misc_function_count
00000008 C _misc_function_vector
         U _modify_field
         U _parse_escape
00000008 C _partial_symtab_list
         U _print_sys_errmsg
00000c80 T _push_bytes
00000c50 T _push_word
         U _read_memory
         U _read_register_bytes
         U _read_var_value
         U _remote_debugging
         U _run_stack_dummy
         U _selected_frame
         U _set_internalvar
         U _set_internalvar_component
         U _strcmp
         U _strncmp
00000008 C _symtab_list
000021f0 T _typecmp
         U _using_struct_return
000009d0 T _value_addr
00000cd0 T _value_arg_coerce
00000d90 T _value_arg_push
         U _value_as_double
         U _value_as_long
00000330 T _value_assign
00000250 T _value_at
         U _value_being_returned
00000010 T _value_cast
00000950 T _value_coerce_array
         U _value_field
         U _value_fn_field
         U _value_from_double
         U _value_from_long
00000b10 T _value_ind
000023c0 T _value_of_this
000008f0 T _value_of_variable
00000ca0 T _value_push
00000840 T _value_repeat
         U _value_static_field
000011f0 T _value_string
00001550 T _value_struct_elt
00001f10 T _value_struct_elt_for_address
         U _value_virtual_fn_field
000001e0 T _value_zero
         U _value_zerop
         U _write_memory
         U _write_register
         U _write_register_bytes
00000000 t gcc_compiled.

valprint.o:
         U .div
         U .mul
00002d20 T __initialize_valprint
         U _add_alias_cmd
         U _add_cmd
         U _add_info
         U _bcmp
         U _builtin_type_int
         U _bzero
00000008 C _current_directory
00000008 C _current_source_line
00000008 C _current_source_symtab
         U _error
         U _error_no_arg
         U _fflush
         U _find_pc_function
00000008 C _float_type_table
00002ac0 T _format_info
         U _fprintf
         U _fprintf_filtered
         U _fputs_filtered
00001730 T _is_nan
00000008 C _misc_function_count
00000008 C _misc_function_vector
         U _parse_and_eval_address
         U _parse_binary_operation
00000008 C _partial_symtab_list
00002ee0 b _prettyprint
         U _print_address
00002ee8 b _print_max
         U _print_scalar_formatted
         U _print_spaces_filtered
00000030 T _print_string
         U _printchar
         U _printf
         U _printf_filtered
         U _quit
         U _quit_flag
         U _read_memory
00002900 t _set_maximum_command
00002960 t _set_prettyprint_command
000029a0 t _set_unionprint_command
         U _setlist
00000008 C _signed_type_table
         U _stdioOutFile
         U _strcmp
         U _strncmp
00000008 C _symtab_list
000017b0 T _type_print
000017e0 T _type_print_1
00002210 t _type_print_base
00001a30 t _type_print_derivation_info
000018f0 t _type_print_method_args
00001c60 t _type_print_varspec_prefix
00001e80 t _type_print_varspec_suffix
00000008 C _unionprint
         U _unpack_double
         U _unpack_field_as_long
         U _unpack_long
00000008 C _unsigned_type_table
000006c0 T _val_print
         U _value_at
00000230 T _value_print
         U _value_static_field
         U _xmalloc
00000000 t gcc_compiled.

values.o:
         U .div
         U .mul
         U .rem
00001a40 T __initialize_values
000003a0 T _access_value_history
         U _add_info
         U _add_info_alias
00001db0 b _all_values
00000060 T _allocate_repeat_value
00000000 T _allocate_value
         U _bcopy
         U _block_for_pc
         U _builtin_type_int
         U _builtin_type_void
         U _bzero
00000810 T _clear_internalvars
000004b0 T _clear_value_history
         U _concat
00000920 t _convenience_info
00000008 C _current_directory
00000008 C _current_source_line
00000008 C _current_source_symtab
         U _destructor_name_p
         U _error
         U _fill_in_vptr_fieldno
         U _free
000000d0 T _free_all_values
00000800 T _internalvar_name
00001da8 b _internalvars
00000690 T _lookup_internalvar
         U _lookup_pointer_type
         U _lookup_symbol
00000008 C _misc_function_count
00000008 C _misc_function_vector
000013f0 T _modify_field
00001aa0 d _num.0
         U _parse_and_eval_address
00000008 C _partial_symtab_list
         U _printf
         U _printf_filtered
         U _read_memory_integer
00000250 T _record_latest_value
00000110 T _release_value
000007d0 T _set_internalvar
00000760 T _set_internalvar_component
000017d0 T _set_return_value
         U _stdioOutFile
         U _strcmp
00000008 C _symtab_list
00000c50 T _unpack_double
00001340 T _unpack_field_as_long
00000ab0 T _unpack_long
00001720 T _using_struct_return
00000a10 T _value_as_double
000009c0 T _value_as_long
         U _value_at
000016a0 T _value_being_returned
00000190 t _value_copy
00000e00 T _value_field
00000f60 T _value_fn_field
00001610 T _value_from_double
00001500 T _value_from_long
00001dc0 b _value_history_chain
00001db8 b _value_history_count
00000550 t _value_history_info
         U _value_ind
00000730 T _value_of_internalvar
         U _value_print
00001160 T _value_static_field
         U _value_subscript
00000fe0 T _value_virtual_fn_field
         U _write_register_bytes
         U _xmalloc
00000000 t gcc_compiled.

version.o:
00000008 D _version
00000000 t gcc_compiled.
