This is Common TeX, Version 2.9 (preloaded format=lplain 89.9.18) 31 JUL 1990 17:37
**&lplain ind 
(./ind.tex
LaTeX Version 2.09 - Released 27 October 1986
(./ind+.tex (/users/douglis/lib/tex/article.sty
Document Style `article'. Released 4 September 1986.
(/sprite/lib/tex/art11.sty)
\c@part=\count78
\c@section=\count79
\c@subsection=\count80
\c@subsubsection=\count81
\c@paragraph=\count82
\c@subparagraph=\count83
\c@figure=\count84
\c@table=\count85
) (/users/douglis/lib/tex/doublespace.sty)
(./regmar.sty) (./logo.tex) (./psfig.tex
\@unused=\write3

psfig: version 1.1
\ps@stream=\read0
)
No auxiliary output files.

No file ind.aux.
) [1

] [2] [3]
psfig: searching fig1.ps for bounding box
psfig: including fig1.ps 
[4] [5] [6] [7] [8] [9] [10] [11] [12] [13] [14] [15] [16] [17] [18]
[19] [20] [21] [22] [23] [24] [25] (./ind.bbl [26] [27]) (./ind-.tex
[28]
Output written on ind.dvi (28 pages, 82372 bytes).
